{"C:\\Users\\acer\\Desktop\\shopcart-playbook\\frontend\\src\\components\\Header.tsx": {"path":"C:\\Users\\acer\\Desktop\\shopcart-playbook\\frontend\\src\\components\\Header.tsx","statementMap":{"0":{"start":{"line":16,"column":8},"end":{"line":16,"column":null}},"1":{"start":{"line":16,"column":41},"end":{"line":16,"column":55}},"2":{"start":{"line":17,"column":8},"end":{"line":17,"column":null}},"3":{"start":{"line":17,"column":35},"end":{"line":17,"column":41}},"4":{"start":{"line":18,"column":8},"end":{"line":18,"column":null}},"5":{"start":{"line":18,"column":37},"end":{"line":18,"column":56}},"6":{"start":{"line":19,"column":8},"end":{"line":19,"column":null}},"7":{"start":{"line":19,"column":38},"end":{"line":19,"column":49}},"8":{"start":{"line":20,"column":8},"end":{"line":20,"column":null}},"9":{"start":{"line":20,"column":37},"end":{"line":20,"column":45}},"10":{"start":{"line":21,"column":8},"end":{"line":21,"column":null}},"11":{"start":{"line":23,"column":2},"end":{"line":111,"column":null}},"12":{"start":{"line":82,"column":49},"end":{"line":82,"column":null}},"13":{"start":{"line":87,"column":53},"end":{"line":87,"column":null}},"14":{"start":{"line":90,"column":53},"end":{"line":90,"column":null}},"15":{"start":{"line":93,"column":53},"end":{"line":93,"column":null}},"16":{"start":{"line":99,"column":51},"end":{"line":99,"column":61}},"17":{"start":{"line":99,"column":61},"end":{"line":99,"column":84}}},"fnMap":{"0":{"name":"Header","decl":{"start":{"line":15,"column":16},"end":{"line":15,"column":25}},"loc":{"start":{"line":15,"column":25},"end":{"line":113,"column":null}},"line":15},"1":{"name":"(anonymous_1)","decl":{"start":{"line":16,"column":34},"end":{"line":16,"column":35}},"loc":{"start":{"line":16,"column":41},"end":{"line":16,"column":55}},"line":16},"2":{"name":"(anonymous_2)","decl":{"start":{"line":17,"column":28},"end":{"line":17,"column":29}},"loc":{"start":{"line":17,"column":35},"end":{"line":17,"column":41}},"line":17},"3":{"name":"(anonymous_3)","decl":{"start":{"line":18,"column":30},"end":{"line":18,"column":31}},"loc":{"start":{"line":18,"column":37},"end":{"line":18,"column":56}},"line":18},"4":{"name":"(anonymous_4)","decl":{"start":{"line":19,"column":31},"end":{"line":19,"column":32}},"loc":{"start":{"line":19,"column":38},"end":{"line":19,"column":49}},"line":19},"5":{"name":"(anonymous_5)","decl":{"start":{"line":20,"column":30},"end":{"line":20,"column":31}},"loc":{"start":{"line":20,"column":37},"end":{"line":20,"column":45}},"line":20},"6":{"name":"(anonymous_6)","decl":{"start":{"line":82,"column":43},"end":{"line":82,"column":49}},"loc":{"start":{"line":82,"column":49},"end":{"line":82,"column":null}},"line":82},"7":{"name":"(anonymous_7)","decl":{"start":{"line":87,"column":47},"end":{"line":87,"column":53}},"loc":{"start":{"line":87,"column":53},"end":{"line":87,"column":null}},"line":87},"8":{"name":"(anonymous_8)","decl":{"start":{"line":90,"column":47},"end":{"line":90,"column":53}},"loc":{"start":{"line":90,"column":53},"end":{"line":90,"column":null}},"line":90},"9":{"name":"(anonymous_9)","decl":{"start":{"line":93,"column":47},"end":{"line":93,"column":53}},"loc":{"start":{"line":93,"column":53},"end":{"line":93,"column":null}},"line":93},"10":{"name":"(anonymous_10)","decl":{"start":{"line":99,"column":43},"end":{"line":99,"column":49}},"loc":{"start":{"line":99,"column":49},"end":{"line":99,"column":null}},"line":99}},"branchMap":{"0":{"loc":{"start":{"line":37,"column":11},"end":{"line":40,"column":null}},"type":"binary-expr","locations":[{"start":{"line":37,"column":11},"end":{"line":37,"column":null}},{"start":{"line":38,"column":12},"end":{"line":40,"column":null}}],"line":37},"1":{"loc":{"start":{"line":42,"column":11},"end":{"line":53,"column":null}},"type":"binary-expr","locations":[{"start":{"line":42,"column":11},"end":{"line":42,"column":null}},{"start":{"line":43,"column":12},"end":{"line":53,"column":null}}],"line":42},"2":{"loc":{"start":{"line":61,"column":15},"end":{"line":64,"column":null}},"type":"binary-expr","locations":[{"start":{"line":61,"column":15},"end":{"line":61,"column":null}},{"start":{"line":62,"column":16},"end":{"line":64,"column":null}}],"line":61},"3":{"loc":{"start":{"line":69,"column":11},"end":{"line":107,"column":null}},"type":"cond-expr","locations":[{"start":{"line":70,"column":12},"end":{"line":103,"column":null}},{"start":{"line":105,"column":12},"end":{"line":107,"column":null}}],"line":69},"4":{"loc":{"start":{"line":85,"column":17},"end":{"line":96,"column":null}},"type":"binary-expr","locations":[{"start":{"line":85,"column":17},"end":{"line":85,"column":null}},{"start":{"line":86,"column":18},"end":{"line":96,"column":null}}],"line":85}},"s":{"0":5,"1":5,"2":5,"3":5,"4":5,"5":5,"6":5,"7":5,"8":5,"9":5,"10":5,"11":5,"12":0,"13":0,"14":0,"15":0,"16":0,"17":0},"f":{"0":5,"1":5,"2":5,"3":5,"4":5,"5":5,"6":0,"7":0,"8":0,"9":0,"10":0},"b":{"0":[5,2],"1":[5,1],"2":[5,1],"3":[2,3],"4":[2,1]},"meta":{"lastBranch":5,"lastFunction":11,"lastStatement":18,"seen":{"f:15:16:15:25":0,"s:16:8:16:Infinity":0,"f:16:34:16:35":1,"s:16:41:16:55":1,"s:17:8:17:Infinity":2,"f:17:28:17:29":2,"s:17:35:17:41":3,"s:18:8:18:Infinity":4,"f:18:30:18:31":3,"s:18:37:18:56":5,"s:19:8:19:Infinity":6,"f:19:31:19:32":4,"s:19:38:19:49":7,"s:20:8:20:Infinity":8,"f:20:30:20:31":5,"s:20:37:20:45":9,"s:21:8:21:Infinity":10,"s:23:2:111:Infinity":11,"b:37:11:37:Infinity:38:12:40:Infinity":0,"b:42:11:42:Infinity:43:12:53:Infinity":1,"b:61:15:61:Infinity:62:16:64:Infinity":2,"b:70:12:103:Infinity:105:12:107:Infinity":3,"f:82:43:82:49":6,"s:82:49:82:Infinity":12,"b:85:17:85:Infinity:86:18:96:Infinity":4,"f:87:47:87:53":7,"s:87:53:87:Infinity":13,"f:90:47:90:53":8,"s:90:53:90:Infinity":14,"f:93:47:93:53":9,"s:93:53:93:Infinity":15,"f:99:43:99:49":10,"s:99:51:99:61":16,"s:99:61:99:84":17}}}
,"C:\\Users\\acer\\Desktop\\shopcart-playbook\\frontend\\src\\components\\order-comments.tsx": {"path":"C:\\Users\\acer\\Desktop\\shopcart-playbook\\frontend\\src\\components\\order-comments.tsx","statementMap":{"0":{"start":{"line":26,"column":30},"end":{"line":26,"column":null}},"1":{"start":{"line":27,"column":34},"end":{"line":27,"column":null}},"2":{"start":{"line":28,"column":28},"end":{"line":28,"column":null}},"3":{"start":{"line":29,"column":34},"end":{"line":29,"column":null}},"4":{"start":{"line":30,"column":19},"end":{"line":30,"column":null}},"5":{"start":{"line":32,"column":21},"end":{"line":32,"column":null}},"6":{"start":{"line":33,"column":18},"end":{"line":33,"column":null}},"7":{"start":{"line":35,"column":23},"end":{"line":44,"column":null}},"8":{"start":{"line":36,"column":4},"end":{"line":43,"column":null}},"9":{"start":{"line":37,"column":19},"end":{"line":37,"column":null}},"10":{"start":{"line":38,"column":6},"end":{"line":38,"column":null}},"11":{"start":{"line":40,"column":6},"end":{"line":40,"column":null}},"12":{"start":{"line":42,"column":6},"end":{"line":42,"column":null}},"13":{"start":{"line":46,"column":2},"end":{"line":52,"column":null}},"14":{"start":{"line":47,"column":4},"end":{"line":51,"column":null}},"15":{"start":{"line":48,"column":6},"end":{"line":48,"column":null}},"16":{"start":{"line":50,"column":6},"end":{"line":50,"column":null}},"17":{"start":{"line":54,"column":24},"end":{"line":77,"column":null}},"18":{"start":{"line":55,"column":4},"end":{"line":58,"column":null}},"19":{"start":{"line":56,"column":6},"end":{"line":56,"column":null}},"20":{"start":{"line":57,"column":6},"end":{"line":57,"column":null}},"21":{"start":{"line":60,"column":4},"end":{"line":60,"column":null}},"22":{"start":{"line":61,"column":4},"end":{"line":76,"column":null}},"23":{"start":{"line":62,"column":6},"end":{"line":68,"column":null}},"24":{"start":{"line":69,"column":6},"end":{"line":69,"column":null}},"25":{"start":{"line":70,"column":6},"end":{"line":70,"column":null}},"26":{"start":{"line":71,"column":6},"end":{"line":71,"column":null}},"27":{"start":{"line":73,"column":6},"end":{"line":73,"column":null}},"28":{"start":{"line":75,"column":6},"end":{"line":75,"column":null}},"29":{"start":{"line":79,"column":24},"end":{"line":94,"column":null}},"30":{"start":{"line":80,"column":4},"end":{"line":83,"column":null}},"31":{"start":{"line":81,"column":6},"end":{"line":81,"column":null}},"32":{"start":{"line":82,"column":6},"end":{"line":82,"column":null}},"33":{"start":{"line":85,"column":4},"end":{"line":93,"column":null}},"34":{"start":{"line":86,"column":6},"end":{"line":88,"column":null}},"35":{"start":{"line":89,"column":6},"end":{"line":89,"column":null}},"36":{"start":{"line":90,"column":6},"end":{"line":90,"column":null}},"37":{"start":{"line":92,"column":6},"end":{"line":92,"column":null}},"38":{"start":{"line":96,"column":2},"end":{"line":107,"column":null}},"39":{"start":{"line":97,"column":4},"end":{"line":105,"column":null}},"40":{"start":{"line":109,"column":2},"end":{"line":188,"column":null}},"41":{"start":{"line":126,"column":31},"end":{"line":126,"column":null}},"42":{"start":{"line":162,"column":16},"end":{"line":182,"column":null}},"43":{"start":{"line":174,"column":39},"end":{"line":174,"column":null}}},"fnMap":{"0":{"name":"OrderComments","decl":{"start":{"line":25,"column":16},"end":{"line":25,"column":30}},"loc":{"start":{"line":25,"column":48},"end":{"line":190,"column":null}},"line":25},"1":{"name":"(anonymous_1)","decl":{"start":{"line":35,"column":23},"end":{"line":35,"column":35}},"loc":{"start":{"line":35,"column":35},"end":{"line":44,"column":null}},"line":35},"2":{"name":"(anonymous_2)","decl":{"start":{"line":46,"column":12},"end":{"line":46,"column":18}},"loc":{"start":{"line":46,"column":18},"end":{"line":52,"column":5}},"line":46},"3":{"name":"(anonymous_3)","decl":{"start":{"line":54,"column":24},"end":{"line":54,"column":36}},"loc":{"start":{"line":54,"column":36},"end":{"line":77,"column":null}},"line":54},"4":{"name":"(anonymous_4)","decl":{"start":{"line":79,"column":24},"end":{"line":79,"column":31}},"loc":{"start":{"line":79,"column":53},"end":{"line":94,"column":null}},"line":79},"5":{"name":"(anonymous_5)","decl":{"start":{"line":126,"column":24},"end":{"line":126,"column":25}},"loc":{"start":{"line":126,"column":31},"end":{"line":126,"column":null}},"line":126},"6":{"name":"(anonymous_6)","decl":{"start":{"line":161,"column":28},"end":{"line":161,"column":29}},"loc":{"start":{"line":162,"column":16},"end":{"line":182,"column":null}},"line":162},"7":{"name":"(anonymous_7)","decl":{"start":{"line":174,"column":33},"end":{"line":174,"column":39}},"loc":{"start":{"line":174,"column":39},"end":{"line":174,"column":null}},"line":174}},"branchMap":{"0":{"loc":{"start":{"line":32,"column":21},"end":{"line":32,"column":null}},"type":"binary-expr","locations":[{"start":{"line":32,"column":21},"end":{"line":32,"column":48}},{"start":{"line":32,"column":48},"end":{"line":32,"column":78}},{"start":{"line":32,"column":78},"end":{"line":32,"column":null}}],"line":32},"1":{"loc":{"start":{"line":47,"column":4},"end":{"line":51,"column":null}},"type":"if","locations":[{"start":{"line":47,"column":4},"end":{"line":51,"column":null}},{"start":{"line":49,"column":11},"end":{"line":51,"column":null}}],"line":47},"2":{"loc":{"start":{"line":55,"column":4},"end":{"line":58,"column":null}},"type":"if","locations":[{"start":{"line":55,"column":4},"end":{"line":58,"column":null}},{"start":{},"end":{}}],"line":55},"3":{"loc":{"start":{"line":80,"column":4},"end":{"line":83,"column":null}},"type":"if","locations":[{"start":{"line":80,"column":4},"end":{"line":83,"column":null}},{"start":{},"end":{}}],"line":80},"4":{"loc":{"start":{"line":96,"column":2},"end":{"line":107,"column":null}},"type":"if","locations":[{"start":{"line":96,"column":2},"end":{"line":107,"column":null}},{"start":{},"end":{}}],"line":96},"5":{"loc":{"start":{"line":133,"column":22},"end":{"line":133,"column":null}},"type":"binary-expr","locations":[{"start":{"line":133,"column":22},"end":{"line":133,"column":44}},{"start":{"line":133,"column":44},"end":{"line":133,"column":null}}],"line":133},"6":{"loc":{"start":{"line":136,"column":13},"end":{"line":139,"column":null}},"type":"cond-expr","locations":[{"start":{"line":137,"column":14},"end":{"line":137,"column":null}},{"start":{"line":139,"column":14},"end":{"line":139,"column":null}}],"line":136},"7":{"loc":{"start":{"line":151,"column":11},"end":{"line":184,"column":null}},"type":"cond-expr","locations":[{"start":{"line":152,"column":12},"end":{"line":154,"column":null}},{"start":{"line":155,"column":14},"end":{"line":184,"column":null}}],"line":151},"8":{"loc":{"start":{"line":155,"column":14},"end":{"line":184,"column":null}},"type":"cond-expr","locations":[{"start":{"line":156,"column":12},"end":{"line":158,"column":null}},{"start":{"line":160,"column":12},"end":{"line":184,"column":null}}],"line":155},"9":{"loc":{"start":{"line":170,"column":21},"end":{"line":178,"column":null}},"type":"binary-expr","locations":[{"start":{"line":170,"column":21},"end":{"line":170,"column":null}},{"start":{"line":171,"column":22},"end":{"line":178,"column":null}}],"line":170}},"s":{"0":0,"1":0,"2":0,"3":0,"4":0,"5":0,"6":0,"7":0,"8":0,"9":0,"10":0,"11":0,"12":0,"13":0,"14":0,"15":0,"16":0,"17":0,"18":0,"19":0,"20":0,"21":0,"22":0,"23":0,"24":0,"25":0,"26":0,"27":0,"28":0,"29":0,"30":0,"31":0,"32":0,"33":0,"34":0,"35":0,"36":0,"37":0,"38":0,"39":0,"40":0,"41":0,"42":0,"43":0},"f":{"0":0,"1":0,"2":0,"3":0,"4":0,"5":0,"6":0,"7":0},"b":{"0":[0,0,0],"1":[0,0],"2":[0,0],"3":[0,0],"4":[0,0],"5":[0,0],"6":[0,0],"7":[0,0],"8":[0,0],"9":[0,0]},"meta":{"lastBranch":10,"lastFunction":8,"lastStatement":44,"seen":{"f:25:16:25:30":0,"s:26:30:26:Infinity":0,"s:27:34:27:Infinity":1,"s:28:28:28:Infinity":2,"s:29:34:29:Infinity":3,"s:30:19:30:Infinity":4,"s:32:21:32:Infinity":5,"b:32:21:32:48:32:48:32:78:32:78:32:Infinity":0,"s:33:18:33:Infinity":6,"s:35:23:44:Infinity":7,"f:35:23:35:35":1,"s:36:4:43:Infinity":8,"s:37:19:37:Infinity":9,"s:38:6:38:Infinity":10,"s:40:6:40:Infinity":11,"s:42:6:42:Infinity":12,"s:46:2:52:Infinity":13,"f:46:12:46:18":2,"b:47:4:51:Infinity:49:11:51:Infinity":1,"s:47:4:51:Infinity":14,"s:48:6:48:Infinity":15,"s:50:6:50:Infinity":16,"s:54:24:77:Infinity":17,"f:54:24:54:36":3,"b:55:4:58:Infinity:undefined:undefined:undefined:undefined":2,"s:55:4:58:Infinity":18,"s:56:6:56:Infinity":19,"s:57:6:57:Infinity":20,"s:60:4:60:Infinity":21,"s:61:4:76:Infinity":22,"s:62:6:68:Infinity":23,"s:69:6:69:Infinity":24,"s:70:6:70:Infinity":25,"s:71:6:71:Infinity":26,"s:73:6:73:Infinity":27,"s:75:6:75:Infinity":28,"s:79:24:94:Infinity":29,"f:79:24:79:31":4,"b:80:4:83:Infinity:undefined:undefined:undefined:undefined":3,"s:80:4:83:Infinity":30,"s:81:6:81:Infinity":31,"s:82:6:82:Infinity":32,"s:85:4:93:Infinity":33,"s:86:6:88:Infinity":34,"s:89:6:89:Infinity":35,"s:90:6:90:Infinity":36,"s:92:6:92:Infinity":37,"b:96:2:107:Infinity:undefined:undefined:undefined:undefined":4,"s:96:2:107:Infinity":38,"s:97:4:105:Infinity":39,"s:109:2:188:Infinity":40,"f:126:24:126:25":5,"s:126:31:126:Infinity":41,"b:133:22:133:44:133:44:133:Infinity":5,"b:137:14:137:Infinity:139:14:139:Infinity":6,"b:152:12:154:Infinity:155:14:184:Infinity":7,"b:156:12:158:Infinity:160:12:184:Infinity":8,"f:161:28:161:29":6,"s:162:16:182:Infinity":42,"b:170:21:170:Infinity:171:22:178:Infinity":9,"f:174:33:174:39":7,"s:174:39:174:Infinity":43}}}
,"C:\\Users\\acer\\Desktop\\shopcart-playbook\\frontend\\src\\components\\order-status-badge.tsx": {"path":"C:\\Users\\acer\\Desktop\\shopcart-playbook\\frontend\\src\\components\\order-status-badge.tsx","statementMap":{"0":{"start":{"line":5,"column":44},"end":{"line":11,"column":null}},"1":{"start":{"line":13,"column":44},"end":{"line":19,"column":null}},"2":{"start":{"line":22,"column":2},"end":{"line":25,"column":null}}},"fnMap":{"0":{"name":"OrderStatusBadge","decl":{"start":{"line":21,"column":16},"end":{"line":21,"column":33}},"loc":{"start":{"line":21,"column":70},"end":{"line":27,"column":null}},"line":21}},"branchMap":{},"s":{"0":0,"1":0,"2":0},"f":{"0":0},"b":{},"meta":{"lastBranch":0,"lastFunction":1,"lastStatement":3,"seen":{"s:5:44:11:Infinity":0,"s:13:44:19:Infinity":1,"f:21:16:21:33":0,"s:22:2:25:Infinity":2}}}
,"C:\\Users\\acer\\Desktop\\shopcart-playbook\\frontend\\src\\components\\order-status-stepper.tsx": {"path":"C:\\Users\\acer\\Desktop\\shopcart-playbook\\frontend\\src\\components\\order-status-stepper.tsx","statementMap":{"0":{"start":{"line":6,"column":44},"end":{"line":12,"column":null}},"1":{"start":{"line":15,"column":2},"end":{"line":21,"column":null}},"2":{"start":{"line":16,"column":4},"end":{"line":19,"column":null}},"3":{"start":{"line":23,"column":8},"end":{"line":23,"column":null}},"4":{"start":{"line":25,"column":2},"end":{"line":66,"column":null}},"5":{"start":{"line":28,"column":24},"end":{"line":28,"column":null}},"6":{"start":{"line":29,"column":26},"end":{"line":29,"column":null}},"7":{"start":{"line":30,"column":23},"end":{"line":30,"column":null}},"8":{"start":{"line":32,"column":8},"end":{"line":63,"column":null}}},"fnMap":{"0":{"name":"OrderStatusStepper","decl":{"start":{"line":14,"column":16},"end":{"line":14,"column":35}},"loc":{"start":{"line":14,"column":72},"end":{"line":68,"column":null}},"line":14},"1":{"name":"(anonymous_1)","decl":{"start":{"line":27,"column":25},"end":{"line":27,"column":26}},"loc":{"start":{"line":27,"column":38},"end":{"line":65,"column":7}},"line":27}},"branchMap":{"0":{"loc":{"start":{"line":15,"column":2},"end":{"line":21,"column":null}},"type":"if","locations":[{"start":{"line":15,"column":2},"end":{"line":21,"column":null}},{"start":{},"end":{}}],"line":15},"1":{"loc":{"start":{"line":38,"column":18},"end":{"line":40,"column":null}},"type":"cond-expr","locations":[{"start":{"line":39,"column":22},"end":{"line":39,"column":null}},{"start":{"line":40,"column":22},"end":{"line":40,"column":null}}],"line":38},"2":{"loc":{"start":{"line":41,"column":18},"end":{"line":41,"column":null}},"type":"binary-expr","locations":[{"start":{"line":41,"column":18},"end":{"line":41,"column":31}},{"start":{"line":41,"column":31},"end":{"line":41,"column":null}}],"line":41},"3":{"loc":{"start":{"line":44,"column":17},"end":{"line":44,"column":null}},"type":"cond-expr","locations":[{"start":{"line":44,"column":27},"end":{"line":44,"column":59}},{"start":{"line":44,"column":59},"end":{"line":44,"column":null}}],"line":44},"4":{"loc":{"start":{"line":49,"column":18},"end":{"line":49,"column":null}},"type":"cond-expr","locations":[{"start":{"line":49,"column":28},"end":{"line":49,"column":48}},{"start":{"line":49,"column":48},"end":{"line":49,"column":null}}],"line":49},"5":{"loc":{"start":{"line":55,"column":13},"end":{"line":61,"column":null}},"type":"binary-expr","locations":[{"start":{"line":55,"column":13},"end":{"line":55,"column":null}},{"start":{"line":56,"column":14},"end":{"line":61,"column":null}}],"line":55},"6":{"loc":{"start":{"line":59,"column":18},"end":{"line":59,"column":null}},"type":"cond-expr","locations":[{"start":{"line":59,"column":32},"end":{"line":59,"column":47}},{"start":{"line":59,"column":47},"end":{"line":59,"column":null}}],"line":59}},"s":{"0":0,"1":0,"2":0,"3":0,"4":0,"5":0,"6":0,"7":0,"8":0},"f":{"0":0,"1":0},"b":{"0":[0,0],"1":[0,0],"2":[0,0],"3":[0,0],"4":[0,0],"5":[0,0],"6":[0,0]},"meta":{"lastBranch":7,"lastFunction":2,"lastStatement":9,"seen":{"s:6:44:12:Infinity":0,"f:14:16:14:35":0,"b:15:2:21:Infinity:undefined:undefined:undefined:undefined":0,"s:15:2:21:Infinity":1,"s:16:4:19:Infinity":2,"s:23:8:23:Infinity":3,"s:25:2:66:Infinity":4,"f:27:25:27:26":1,"s:28:24:28:Infinity":5,"s:29:26:29:Infinity":6,"s:30:23:30:Infinity":7,"s:32:8:63:Infinity":8,"b:39:22:39:Infinity:40:22:40:Infinity":1,"b:41:18:41:31:41:31:41:Infinity":2,"b:44:27:44:59:44:59:44:Infinity":3,"b:49:28:49:48:49:48:49:Infinity":4,"b:55:13:55:Infinity:56:14:61:Infinity":5,"b:59:32:59:47:59:47:59:Infinity":6}}}
,"C:\\Users\\acer\\Desktop\\shopcart-playbook\\frontend\\src\\components\\write-review-modal.tsx": {"path":"C:\\Users\\acer\\Desktop\\shopcart-playbook\\frontend\\src\\components\\write-review-modal.tsx","statementMap":{"0":{"start":{"line":36,"column":32},"end":{"line":36,"column":null}},"1":{"start":{"line":37,"column":26},"end":{"line":37,"column":null}},"2":{"start":{"line":38,"column":24},"end":{"line":38,"column":null}},"3":{"start":{"line":39,"column":22},"end":{"line":39,"column":null}},"4":{"start":{"line":40,"column":34},"end":{"line":40,"column":null}},"5":{"start":{"line":42,"column":16},"end":{"line":47,"column":null}},"6":{"start":{"line":43,"column":4},"end":{"line":43,"column":null}},"7":{"start":{"line":44,"column":4},"end":{"line":44,"column":null}},"8":{"start":{"line":45,"column":4},"end":{"line":45,"column":null}},"9":{"start":{"line":46,"column":4},"end":{"line":46,"column":null}},"10":{"start":{"line":49,"column":17},"end":{"line":67,"column":null}},"11":{"start":{"line":50,"column":4},"end":{"line":50,"column":null}},"12":{"start":{"line":50,"column":20},"end":{"line":50,"column":null}},"13":{"start":{"line":51,"column":4},"end":{"line":51,"column":null}},"14":{"start":{"line":51,"column":33},"end":{"line":51,"column":null}},"15":{"start":{"line":52,"column":4},"end":{"line":52,"column":null}},"16":{"start":{"line":53,"column":4},"end":{"line":66,"column":null}},"17":{"start":{"line":54,"column":6},"end":{"line":57,"column":null}},"18":{"start":{"line":58,"column":6},"end":{"line":58,"column":null}},"19":{"start":{"line":59,"column":6},"end":{"line":59,"column":null}},"20":{"start":{"line":60,"column":6},"end":{"line":60,"column":null}},"21":{"start":{"line":61,"column":6},"end":{"line":61,"column":null}},"22":{"start":{"line":63,"column":6},"end":{"line":63,"column":null}},"23":{"start":{"line":65,"column":6},"end":{"line":65,"column":null}},"24":{"start":{"line":69,"column":2},"end":{"line":153,"column":null}},"25":{"start":{"line":73,"column":8},"end":{"line":73,"column":null}},"26":{"start":{"line":73,"column":16},"end":{"line":73,"column":null}},"27":{"start":{"line":74,"column":8},"end":{"line":74,"column":null}},"28":{"start":{"line":93,"column":20},"end":{"line":95,"column":null}},"29":{"start":{"line":106,"column":22},"end":{"line":106,"column":null}},"30":{"start":{"line":107,"column":16},"end":{"line":123,"column":null}},"31":{"start":{"line":111,"column":40},"end":{"line":111,"column":null}},"32":{"start":{"line":112,"column":40},"end":{"line":112,"column":null}},"33":{"start":{"line":113,"column":35},"end":{"line":113,"column":null}},"34":{"start":{"line":137,"column":31},"end":{"line":137,"column":null}},"35":{"start":{"line":145,"column":51},"end":{"line":145,"column":72}}},"fnMap":{"0":{"name":"WriteReviewModal","decl":{"start":{"line":35,"column":16},"end":{"line":35,"column":33}},"loc":{"start":{"line":35,"column":115},"end":{"line":155,"column":null}},"line":35},"1":{"name":"(anonymous_1)","decl":{"start":{"line":42,"column":16},"end":{"line":42,"column":22}},"loc":{"start":{"line":42,"column":22},"end":{"line":47,"column":null}},"line":42},"2":{"name":"(anonymous_2)","decl":{"start":{"line":49,"column":17},"end":{"line":49,"column":29}},"loc":{"start":{"line":49,"column":29},"end":{"line":67,"column":null}},"line":49},"3":{"name":"(anonymous_3)","decl":{"start":{"line":72,"column":20},"end":{"line":72,"column":21}},"loc":{"start":{"line":72,"column":27},"end":{"line":75,"column":null}},"line":72},"4":{"name":"(anonymous_4)","decl":{"start":{"line":92,"column":35},"end":{"line":92,"column":36}},"loc":{"start":{"line":93,"column":20},"end":{"line":95,"column":null}},"line":93},"5":{"name":"(anonymous_5)","decl":{"start":{"line":105,"column":35},"end":{"line":105,"column":36}},"loc":{"start":{"line":105,"column":42},"end":{"line":125,"column":15}},"line":105},"6":{"name":"(anonymous_6)","decl":{"start":{"line":111,"column":34},"end":{"line":111,"column":40}},"loc":{"start":{"line":111,"column":40},"end":{"line":111,"column":null}},"line":111},"7":{"name":"(anonymous_7)","decl":{"start":{"line":112,"column":34},"end":{"line":112,"column":40}},"loc":{"start":{"line":112,"column":40},"end":{"line":112,"column":null}},"line":112},"8":{"name":"(anonymous_8)","decl":{"start":{"line":113,"column":29},"end":{"line":113,"column":35}},"loc":{"start":{"line":113,"column":35},"end":{"line":113,"column":null}},"line":113},"9":{"name":"(anonymous_9)","decl":{"start":{"line":137,"column":24},"end":{"line":137,"column":25}},"loc":{"start":{"line":137,"column":31},"end":{"line":137,"column":null}},"line":137},"10":{"name":"(anonymous_10)","decl":{"start":{"line":145,"column":45},"end":{"line":145,"column":51}},"loc":{"start":{"line":145,"column":51},"end":{"line":145,"column":72}},"line":145}},"branchMap":{"0":{"loc":{"start":{"line":36,"column":53},"end":{"line":36,"column":104}},"type":"binary-expr","locations":[{"start":{"line":36,"column":53},"end":{"line":36,"column":73}},{"start":{"line":36,"column":73},"end":{"line":36,"column":102}},{"start":{"line":36,"column":102},"end":{"line":36,"column":104}}],"line":36},"1":{"loc":{"start":{"line":43,"column":17},"end":{"line":43,"column":48}},"type":"binary-expr","locations":[{"start":{"line":43,"column":17},"end":{"line":43,"column":46}},{"start":{"line":43,"column":46},"end":{"line":43,"column":48}}],"line":43},"2":{"loc":{"start":{"line":50,"column":4},"end":{"line":50,"column":null}},"type":"if","locations":[{"start":{"line":50,"column":4},"end":{"line":50,"column":null}},{"start":{},"end":{}}],"line":50},"3":{"loc":{"start":{"line":51,"column":4},"end":{"line":51,"column":null}},"type":"if","locations":[{"start":{"line":51,"column":4},"end":{"line":51,"column":null}},{"start":{},"end":{}}],"line":51},"4":{"loc":{"start":{"line":63,"column":18},"end":{"line":63,"column":79}},"type":"cond-expr","locations":[{"start":{"line":63,"column":42},"end":{"line":63,"column":54}},{"start":{"line":63,"column":54},"end":{"line":63,"column":79}}],"line":63},"5":{"loc":{"start":{"line":73,"column":8},"end":{"line":73,"column":null}},"type":"if","locations":[{"start":{"line":73,"column":8},"end":{"line":73,"column":null}},{"start":{},"end":{}}],"line":73},"6":{"loc":{"start":{"line":86,"column":11},"end":{"line":99,"column":null}},"type":"binary-expr","locations":[{"start":{"line":86,"column":11},"end":{"line":86,"column":37}},{"start":{"line":86,"column":37},"end":{"line":86,"column":null}},{"start":{"line":87,"column":12},"end":{"line":99,"column":null}}],"line":86},"7":{"loc":{"start":{"line":106,"column":32},"end":{"line":106,"column":52}},"type":"binary-expr","locations":[{"start":{"line":106,"column":32},"end":{"line":106,"column":41}},{"start":{"line":106,"column":41},"end":{"line":106,"column":52}}],"line":106},"8":{"loc":{"start":{"line":115,"column":49},"end":{"line":115,"column":65}},"type":"cond-expr","locations":[{"start":{"line":115,"column":57},"end":{"line":115,"column":63}},{"start":{"line":115,"column":63},"end":{"line":115,"column":65}}],"line":115},"9":{"loc":{"start":{"line":120,"column":24},"end":{"line":120,"column":null}},"type":"cond-expr","locations":[{"start":{"line":120,"column":33},"end":{"line":120,"column":63}},{"start":{"line":120,"column":63},"end":{"line":120,"column":null}}],"line":120},"10":{"loc":{"start":{"line":149,"column":13},"end":{"line":149,"column":null}},"type":"cond-expr","locations":[{"start":{"line":149,"column":26},"end":{"line":149,"column":73}},{"start":{"line":149,"column":73},"end":{"line":149,"column":null}}],"line":149}},"s":{"0":0,"1":0,"2":0,"3":0,"4":0,"5":0,"6":0,"7":0,"8":0,"9":0,"10":0,"11":0,"12":0,"13":0,"14":0,"15":0,"16":0,"17":0,"18":0,"19":0,"20":0,"21":0,"22":0,"23":0,"24":0,"25":0,"26":0,"27":0,"28":0,"29":0,"30":0,"31":0,"32":0,"33":0,"34":0,"35":0},"f":{"0":0,"1":0,"2":0,"3":0,"4":0,"5":0,"6":0,"7":0,"8":0,"9":0,"10":0},"b":{"0":[0,0,0],"1":[0,0],"2":[0,0],"3":[0,0],"4":[0,0],"5":[0,0],"6":[0,0,0],"7":[0,0],"8":[0,0],"9":[0,0],"10":[0,0]},"meta":{"lastBranch":11,"lastFunction":11,"lastStatement":36,"seen":{"f:35:16:35:33":0,"s:36:32:36:Infinity":0,"b:36:53:36:73:36:73:36:102:36:102:36:104":0,"s:37:26:37:Infinity":1,"s:38:24:38:Infinity":2,"s:39:22:39:Infinity":3,"s:40:34:40:Infinity":4,"s:42:16:47:Infinity":5,"f:42:16:42:22":1,"s:43:4:43:Infinity":6,"b:43:17:43:46:43:46:43:48":1,"s:44:4:44:Infinity":7,"s:45:4:45:Infinity":8,"s:46:4:46:Infinity":9,"s:49:17:67:Infinity":10,"f:49:17:49:29":2,"b:50:4:50:Infinity:undefined:undefined:undefined:undefined":2,"s:50:4:50:Infinity":11,"s:50:20:50:Infinity":12,"b:51:4:51:Infinity:undefined:undefined:undefined:undefined":3,"s:51:4:51:Infinity":13,"s:51:33:51:Infinity":14,"s:52:4:52:Infinity":15,"s:53:4:66:Infinity":16,"s:54:6:57:Infinity":17,"s:58:6:58:Infinity":18,"s:59:6:59:Infinity":19,"s:60:6:60:Infinity":20,"s:61:6:61:Infinity":21,"s:63:6:63:Infinity":22,"b:63:42:63:54:63:54:63:79":4,"s:65:6:65:Infinity":23,"s:69:2:153:Infinity":24,"f:72:20:72:21":3,"b:73:8:73:Infinity:undefined:undefined:undefined:undefined":5,"s:73:8:73:Infinity":25,"s:73:16:73:Infinity":26,"s:74:8:74:Infinity":27,"b:86:11:86:37:86:37:86:Infinity:87:12:99:Infinity":6,"f:92:35:92:36":4,"s:93:20:95:Infinity":28,"f:105:35:105:36":5,"s:106:22:106:Infinity":29,"b:106:32:106:41:106:41:106:52":7,"s:107:16:123:Infinity":30,"f:111:34:111:40":6,"s:111:40:111:Infinity":31,"f:112:34:112:40":7,"s:112:40:112:Infinity":32,"f:113:29:113:35":8,"s:113:35:113:Infinity":33,"b:115:57:115:63:115:63:115:65":8,"b:120:33:120:63:120:63:120:Infinity":9,"f:137:24:137:25":9,"s:137:31:137:Infinity":34,"f:145:45:145:51":10,"s:145:51:145:72":35,"b:149:26:149:73:149:73:149:Infinity":10}}}
,"C:\\Users\\acer\\Desktop\\shopcart-playbook\\frontend\\src\\components\\ui\\accordion.tsx": {"path":"C:\\Users\\acer\\Desktop\\shopcart-playbook\\frontend\\src\\components\\ui\\accordion.tsx","statementMap":{"0":{"start":{"line":7,"column":18},"end":{"line":7,"column":null}},"1":{"start":{"line":9,"column":22},"end":{"line":14,"column":null}},"2":{"start":{"line":13,"column":2},"end":{"line":13,"column":null}},"3":{"start":{"line":15,"column":0},"end":{"line":15,"column":null}},"4":{"start":{"line":17,"column":25},"end":{"line":34,"column":null}},"5":{"start":{"line":21,"column":2},"end":{"line":33,"column":null}},"6":{"start":{"line":35,"column":0},"end":{"line":35,"column":null}},"7":{"start":{"line":37,"column":25},"end":{"line":48,"column":null}},"8":{"start":{"line":41,"column":2},"end":{"line":47,"column":null}},"9":{"start":{"line":49,"column":0},"end":{"line":49,"column":null}}},"fnMap":{"0":{"name":"(anonymous_0)","decl":{"start":{"line":12,"column":2},"end":{"line":12,"column":3}},"loc":{"start":{"line":13,"column":2},"end":{"line":13,"column":null}},"line":13},"1":{"name":"(anonymous_1)","decl":{"start":{"line":20,"column":2},"end":{"line":20,"column":3}},"loc":{"start":{"line":21,"column":2},"end":{"line":33,"column":null}},"line":21},"2":{"name":"(anonymous_2)","decl":{"start":{"line":40,"column":2},"end":{"line":40,"column":3}},"loc":{"start":{"line":41,"column":2},"end":{"line":47,"column":null}},"line":41}},"branchMap":{},"s":{"0":0,"1":0,"2":0,"3":0,"4":0,"5":0,"6":0,"7":0,"8":0,"9":0},"f":{"0":0,"1":0,"2":0},"b":{},"meta":{"lastBranch":0,"lastFunction":3,"lastStatement":10,"seen":{"s:7:18:7:Infinity":0,"s:9:22:14:Infinity":1,"f:12:2:12:3":0,"s:13:2:13:Infinity":2,"s:15:0:15:Infinity":3,"s:17:25:34:Infinity":4,"f:20:2:20:3":1,"s:21:2:33:Infinity":5,"s:35:0:35:Infinity":6,"s:37:25:48:Infinity":7,"f:40:2:40:3":2,"s:41:2:47:Infinity":8,"s:49:0:49:Infinity":9}}}
,"C:\\Users\\acer\\Desktop\\shopcart-playbook\\frontend\\src\\components\\ui\\alert-dialog.tsx": {"path":"C:\\Users\\acer\\Desktop\\shopcart-playbook\\frontend\\src\\components\\ui\\alert-dialog.tsx","statementMap":{"0":{"start":{"line":7,"column":20},"end":{"line":7,"column":null}},"1":{"start":{"line":9,"column":27},"end":{"line":9,"column":null}},"2":{"start":{"line":11,"column":26},"end":{"line":11,"column":null}},"3":{"start":{"line":13,"column":27},"end":{"line":25,"column":null}},"4":{"start":{"line":17,"column":2},"end":{"line":24,"column":null}},"5":{"start":{"line":26,"column":0},"end":{"line":26,"column":null}},"6":{"start":{"line":28,"column":27},"end":{"line":43,"column":null}},"7":{"start":{"line":32,"column":2},"end":{"line":42,"column":null}},"8":{"start":{"line":44,"column":0},"end":{"line":44,"column":null}},"9":{"start":{"line":46,"column":26},"end":{"line":47,"column":null}},"10":{"start":{"line":47,"column":2},"end":{"line":47,"column":null}},"11":{"start":{"line":49,"column":0},"end":{"line":49,"column":null}},"12":{"start":{"line":51,"column":26},"end":{"line":55,"column":null}},"13":{"start":{"line":52,"column":2},"end":{"line":55,"column":null}},"14":{"start":{"line":57,"column":0},"end":{"line":57,"column":null}},"15":{"start":{"line":59,"column":25},"end":{"line":68,"column":null}},"16":{"start":{"line":63,"column":2},"end":{"line":67,"column":null}},"17":{"start":{"line":69,"column":0},"end":{"line":69,"column":null}},"18":{"start":{"line":71,"column":31},"end":{"line":80,"column":null}},"19":{"start":{"line":75,"column":2},"end":{"line":79,"column":null}},"20":{"start":{"line":81,"column":0},"end":{"line":81,"column":null}},"21":{"start":{"line":83,"column":26},"end":{"line":88,"column":null}},"22":{"start":{"line":87,"column":2},"end":{"line":87,"column":null}},"23":{"start":{"line":89,"column":0},"end":{"line":89,"column":null}},"24":{"start":{"line":91,"column":26},"end":{"line":100,"column":null}},"25":{"start":{"line":95,"column":2},"end":{"line":99,"column":null}},"26":{"start":{"line":101,"column":0},"end":{"line":101,"column":null}}},"fnMap":{"0":{"name":"(anonymous_0)","decl":{"start":{"line":16,"column":2},"end":{"line":16,"column":3}},"loc":{"start":{"line":17,"column":2},"end":{"line":24,"column":null}},"line":17},"1":{"name":"(anonymous_1)","decl":{"start":{"line":31,"column":2},"end":{"line":31,"column":3}},"loc":{"start":{"line":32,"column":2},"end":{"line":42,"column":null}},"line":32},"2":{"name":"(anonymous_2)","decl":{"start":{"line":46,"column":26},"end":{"line":46,"column":27}},"loc":{"start":{"line":47,"column":2},"end":{"line":47,"column":null}},"line":47},"3":{"name":"(anonymous_3)","decl":{"start":{"line":51,"column":26},"end":{"line":51,"column":27}},"loc":{"start":{"line":52,"column":2},"end":{"line":55,"column":null}},"line":52},"4":{"name":"(anonymous_4)","decl":{"start":{"line":62,"column":2},"end":{"line":62,"column":3}},"loc":{"start":{"line":63,"column":2},"end":{"line":67,"column":null}},"line":63},"5":{"name":"(anonymous_5)","decl":{"start":{"line":74,"column":2},"end":{"line":74,"column":3}},"loc":{"start":{"line":75,"column":2},"end":{"line":79,"column":null}},"line":75},"6":{"name":"(anonymous_6)","decl":{"start":{"line":86,"column":2},"end":{"line":86,"column":3}},"loc":{"start":{"line":87,"column":2},"end":{"line":87,"column":null}},"line":87},"7":{"name":"(anonymous_7)","decl":{"start":{"line":94,"column":2},"end":{"line":94,"column":3}},"loc":{"start":{"line":95,"column":2},"end":{"line":99,"column":null}},"line":95}},"branchMap":{},"s":{"0":0,"1":0,"2":0,"3":0,"4":0,"5":0,"6":0,"7":0,"8":0,"9":0,"10":0,"11":0,"12":0,"13":0,"14":0,"15":0,"16":0,"17":0,"18":0,"19":0,"20":0,"21":0,"22":0,"23":0,"24":0,"25":0,"26":0},"f":{"0":0,"1":0,"2":0,"3":0,"4":0,"5":0,"6":0,"7":0},"b":{},"meta":{"lastBranch":0,"lastFunction":8,"lastStatement":27,"seen":{"s:7:20:7:Infinity":0,"s:9:27:9:Infinity":1,"s:11:26:11:Infinity":2,"s:13:27:25:Infinity":3,"f:16:2:16:3":0,"s:17:2:24:Infinity":4,"s:26:0:26:Infinity":5,"s:28:27:43:Infinity":6,"f:31:2:31:3":1,"s:32:2:42:Infinity":7,"s:44:0:44:Infinity":8,"s:46:26:47:Infinity":9,"f:46:26:46:27":2,"s:47:2:47:Infinity":10,"s:49:0:49:Infinity":11,"s:51:26:55:Infinity":12,"f:51:26:51:27":3,"s:52:2:55:Infinity":13,"s:57:0:57:Infinity":14,"s:59:25:68:Infinity":15,"f:62:2:62:3":4,"s:63:2:67:Infinity":16,"s:69:0:69:Infinity":17,"s:71:31:80:Infinity":18,"f:74:2:74:3":5,"s:75:2:79:Infinity":19,"s:81:0:81:Infinity":20,"s:83:26:88:Infinity":21,"f:86:2:86:3":6,"s:87:2:87:Infinity":22,"s:89:0:89:Infinity":23,"s:91:26:100:Infinity":24,"f:94:2:94:3":7,"s:95:2:99:Infinity":25,"s:101:0:101:Infinity":26}}}
,"C:\\Users\\acer\\Desktop\\shopcart-playbook\\frontend\\src\\components\\ui\\alert.tsx": {"path":"C:\\Users\\acer\\Desktop\\shopcart-playbook\\frontend\\src\\components\\ui\\alert.tsx","statementMap":{"0":{"start":{"line":6,"column":6},"end":{"line":20,"column":null}},"1":{"start":{"line":22,"column":14},"end":{"line":27,"column":null}},"2":{"start":{"line":26,"column":2},"end":{"line":26,"column":null}},"3":{"start":{"line":28,"column":0},"end":{"line":28,"column":null}},"4":{"start":{"line":30,"column":19},"end":{"line":38,"column":null}},"5":{"start":{"line":32,"column":4},"end":{"line":36,"column":null}},"6":{"start":{"line":39,"column":0},"end":{"line":39,"column":null}},"7":{"start":{"line":41,"column":25},"end":{"line":46,"column":null}},"8":{"start":{"line":45,"column":2},"end":{"line":45,"column":null}},"9":{"start":{"line":47,"column":0},"end":{"line":47,"column":null}}},"fnMap":{"0":{"name":"(anonymous_0)","decl":{"start":{"line":25,"column":2},"end":{"line":25,"column":3}},"loc":{"start":{"line":26,"column":2},"end":{"line":26,"column":null}},"line":26},"1":{"name":"(anonymous_1)","decl":{"start":{"line":31,"column":2},"end":{"line":31,"column":3}},"loc":{"start":{"line":32,"column":4},"end":{"line":36,"column":null}},"line":32},"2":{"name":"(anonymous_2)","decl":{"start":{"line":44,"column":2},"end":{"line":44,"column":3}},"loc":{"start":{"line":45,"column":2},"end":{"line":45,"column":null}},"line":45}},"branchMap":{},"s":{"0":0,"1":0,"2":0,"3":0,"4":0,"5":0,"6":0,"7":0,"8":0,"9":0},"f":{"0":0,"1":0,"2":0},"b":{},"meta":{"lastBranch":0,"lastFunction":3,"lastStatement":10,"seen":{"s:6:6:20:Infinity":0,"s:22:14:27:Infinity":1,"f:25:2:25:3":0,"s:26:2:26:Infinity":2,"s:28:0:28:Infinity":3,"s:30:19:38:Infinity":4,"f:31:2:31:3":1,"s:32:4:36:Infinity":5,"s:39:0:39:Infinity":6,"s:41:25:46:Infinity":7,"f:44:2:44:3":2,"s:45:2:45:Infinity":8,"s:47:0:47:Infinity":9}}}
,"C:\\Users\\acer\\Desktop\\shopcart-playbook\\frontend\\src\\components\\ui\\aspect-ratio.tsx": {"path":"C:\\Users\\acer\\Desktop\\shopcart-playbook\\frontend\\src\\components\\ui\\aspect-ratio.tsx","statementMap":{"0":{"start":{"line":3,"column":20},"end":{"line":3,"column":null}}},"fnMap":{},"branchMap":{},"s":{"0":0},"f":{},"b":{},"meta":{"lastBranch":0,"lastFunction":0,"lastStatement":1,"seen":{"s:3:20:3:Infinity":0}}}
,"C:\\Users\\acer\\Desktop\\shopcart-playbook\\frontend\\src\\components\\ui\\avatar.tsx": {"path":"C:\\Users\\acer\\Desktop\\shopcart-playbook\\frontend\\src\\components\\ui\\avatar.tsx","statementMap":{"0":{"start":{"line":8,"column":15},"end":{"line":17,"column":null}},"1":{"start":{"line":12,"column":2},"end":{"line":16,"column":null}},"2":{"start":{"line":18,"column":0},"end":{"line":18,"column":null}},"3":{"start":{"line":20,"column":20},"end":{"line":29,"column":null}},"4":{"start":{"line":24,"column":2},"end":{"line":28,"column":null}},"5":{"start":{"line":30,"column":0},"end":{"line":30,"column":null}},"6":{"start":{"line":32,"column":23},"end":{"line":44,"column":null}},"7":{"start":{"line":36,"column":2},"end":{"line":43,"column":null}},"8":{"start":{"line":45,"column":0},"end":{"line":45,"column":null}}},"fnMap":{"0":{"name":"(anonymous_0)","decl":{"start":{"line":11,"column":2},"end":{"line":11,"column":3}},"loc":{"start":{"line":12,"column":2},"end":{"line":16,"column":null}},"line":12},"1":{"name":"(anonymous_1)","decl":{"start":{"line":23,"column":2},"end":{"line":23,"column":3}},"loc":{"start":{"line":24,"column":2},"end":{"line":28,"column":null}},"line":24},"2":{"name":"(anonymous_2)","decl":{"start":{"line":35,"column":2},"end":{"line":35,"column":3}},"loc":{"start":{"line":36,"column":2},"end":{"line":43,"column":null}},"line":36}},"branchMap":{},"s":{"0":0,"1":0,"2":0,"3":0,"4":0,"5":0,"6":0,"7":0,"8":0},"f":{"0":0,"1":0,"2":0},"b":{},"meta":{"lastBranch":0,"lastFunction":3,"lastStatement":9,"seen":{"s:8:15:17:Infinity":0,"f:11:2:11:3":0,"s:12:2:16:Infinity":1,"s:18:0:18:Infinity":2,"s:20:20:29:Infinity":3,"f:23:2:23:3":1,"s:24:2:28:Infinity":4,"s:30:0:30:Infinity":5,"s:32:23:44:Infinity":6,"f:35:2:35:3":2,"s:36:2:43:Infinity":7,"s:45:0:45:Infinity":8}}}
,"C:\\Users\\acer\\Desktop\\shopcart-playbook\\frontend\\src\\components\\ui\\badge.tsx": {"path":"C:\\Users\\acer\\Desktop\\shopcart-playbook\\frontend\\src\\components\\ui\\badge.tsx","statementMap":{"0":{"start":{"line":6,"column":6},"end":{"line":23,"column":null}},"1":{"start":{"line":29,"column":2},"end":{"line":29,"column":null}}},"fnMap":{"0":{"name":"Badge","decl":{"start":{"line":28,"column":9},"end":{"line":28,"column":15}},"loc":{"start":{"line":28,"column":61},"end":{"line":30,"column":null}},"line":28}},"branchMap":{},"s":{"0":0,"1":0},"f":{"0":0},"b":{},"meta":{"lastBranch":0,"lastFunction":1,"lastStatement":2,"seen":{"s:6:6:23:Infinity":0,"f:28:9:28:15":0,"s:29:2:29:Infinity":1}}}
,"C:\\Users\\acer\\Desktop\\shopcart-playbook\\frontend\\src\\components\\ui\\breadcrumb.tsx": {"path":"C:\\Users\\acer\\Desktop\\shopcart-playbook\\frontend\\src\\components\\ui\\breadcrumb.tsx","statementMap":{"0":{"start":{"line":7,"column":19},"end":{"line":12,"column":null}},"1":{"start":{"line":12,"column":25},"end":{"line":12,"column":77}},"2":{"start":{"line":13,"column":0},"end":{"line":13,"column":null}},"3":{"start":{"line":15,"column":23},"end":{"line":26,"column":null}},"4":{"start":{"line":17,"column":4},"end":{"line":24,"column":null}},"5":{"start":{"line":27,"column":0},"end":{"line":27,"column":null}},"6":{"start":{"line":29,"column":23},"end":{"line":33,"column":null}},"7":{"start":{"line":31,"column":4},"end":{"line":31,"column":null}},"8":{"start":{"line":34,"column":0},"end":{"line":34,"column":null}},"9":{"start":{"line":36,"column":23},"end":{"line":51,"column":null}},"10":{"start":{"line":42,"column":15},"end":{"line":42,"column":null}},"11":{"start":{"line":44,"column":2},"end":{"line":49,"column":null}},"12":{"start":{"line":52,"column":0},"end":{"line":52,"column":null}},"13":{"start":{"line":54,"column":23},"end":{"line":65,"column":null}},"14":{"start":{"line":56,"column":4},"end":{"line":63,"column":null}},"15":{"start":{"line":66,"column":0},"end":{"line":66,"column":null}},"16":{"start":{"line":68,"column":28},"end":{"line":76,"column":null}},"17":{"start":{"line":69,"column":2},"end":{"line":76,"column":null}},"18":{"start":{"line":78,"column":0},"end":{"line":78,"column":null}},"19":{"start":{"line":80,"column":27},"end":{"line":89,"column":null}},"20":{"start":{"line":81,"column":2},"end":{"line":89,"column":null}},"21":{"start":{"line":91,"column":0},"end":{"line":91,"column":null}}},"fnMap":{"0":{"name":"(anonymous_0)","decl":{"start":{"line":12,"column":2},"end":{"line":12,"column":3}},"loc":{"start":{"line":12,"column":25},"end":{"line":12,"column":77}},"line":12},"1":{"name":"(anonymous_1)","decl":{"start":{"line":16,"column":2},"end":{"line":16,"column":3}},"loc":{"start":{"line":17,"column":4},"end":{"line":24,"column":null}},"line":17},"2":{"name":"(anonymous_2)","decl":{"start":{"line":30,"column":2},"end":{"line":30,"column":3}},"loc":{"start":{"line":31,"column":4},"end":{"line":31,"column":null}},"line":31},"3":{"name":"(anonymous_3)","decl":{"start":{"line":41,"column":2},"end":{"line":41,"column":3}},"loc":{"start":{"line":41,"column":45},"end":{"line":51,"column":1}},"line":41},"4":{"name":"(anonymous_4)","decl":{"start":{"line":55,"column":2},"end":{"line":55,"column":3}},"loc":{"start":{"line":56,"column":4},"end":{"line":63,"column":null}},"line":56},"5":{"name":"(anonymous_5)","decl":{"start":{"line":68,"column":28},"end":{"line":68,"column":29}},"loc":{"start":{"line":69,"column":2},"end":{"line":76,"column":null}},"line":69},"6":{"name":"(anonymous_6)","decl":{"start":{"line":80,"column":27},"end":{"line":80,"column":28}},"loc":{"start":{"line":81,"column":2},"end":{"line":89,"column":null}},"line":81}},"branchMap":{"0":{"loc":{"start":{"line":42,"column":15},"end":{"line":42,"column":null}},"type":"cond-expr","locations":[{"start":{"line":42,"column":25},"end":{"line":42,"column":32}},{"start":{"line":42,"column":32},"end":{"line":42,"column":null}}],"line":42},"1":{"loc":{"start":{"line":75,"column":5},"end":{"line":75,"column":null}},"type":"binary-expr","locations":[{"start":{"line":75,"column":5},"end":{"line":75,"column":17}},{"start":{"line":75,"column":17},"end":{"line":75,"column":null}}],"line":75}},"s":{"0":0,"1":0,"2":0,"3":0,"4":0,"5":0,"6":0,"7":0,"8":0,"9":0,"10":0,"11":0,"12":0,"13":0,"14":0,"15":0,"16":0,"17":0,"18":0,"19":0,"20":0,"21":0},"f":{"0":0,"1":0,"2":0,"3":0,"4":0,"5":0,"6":0},"b":{"0":[0,0],"1":[0,0]},"meta":{"lastBranch":2,"lastFunction":7,"lastStatement":22,"seen":{"s:7:19:12:Infinity":0,"f:12:2:12:3":0,"s:12:25:12:77":1,"s:13:0:13:Infinity":2,"s:15:23:26:Infinity":3,"f:16:2:16:3":1,"s:17:4:24:Infinity":4,"s:27:0:27:Infinity":5,"s:29:23:33:Infinity":6,"f:30:2:30:3":2,"s:31:4:31:Infinity":7,"s:34:0:34:Infinity":8,"s:36:23:51:Infinity":9,"f:41:2:41:3":3,"s:42:15:42:Infinity":10,"b:42:25:42:32:42:32:42:Infinity":0,"s:44:2:49:Infinity":11,"s:52:0:52:Infinity":12,"s:54:23:65:Infinity":13,"f:55:2:55:3":4,"s:56:4:63:Infinity":14,"s:66:0:66:Infinity":15,"s:68:28:76:Infinity":16,"f:68:28:68:29":5,"s:69:2:76:Infinity":17,"b:75:5:75:17:75:17:75:Infinity":1,"s:78:0:78:Infinity":18,"s:80:27:89:Infinity":19,"f:80:27:80:28":6,"s:81:2:89:Infinity":20,"s:91:0:91:Infinity":21}}}
,"C:\\Users\\acer\\Desktop\\shopcart-playbook\\frontend\\src\\components\\ui\\button.tsx": {"path":"C:\\Users\\acer\\Desktop\\shopcart-playbook\\frontend\\src\\components\\ui\\button.tsx","statementMap":{"0":{"start":{"line":7,"column":6},"end":{"line":32,"column":null}},"1":{"start":{"line":39,"column":15},"end":{"line":46,"column":null}},"2":{"start":{"line":41,"column":17},"end":{"line":41,"column":null}},"3":{"start":{"line":42,"column":4},"end":{"line":43,"column":null}},"4":{"start":{"line":47,"column":0},"end":{"line":47,"column":null}}},"fnMap":{"0":{"name":"(anonymous_0)","decl":{"start":{"line":40,"column":2},"end":{"line":40,"column":3}},"loc":{"start":{"line":40,"column":68},"end":{"line":45,"column":null}},"line":40}},"branchMap":{"0":{"loc":{"start":{"line":40,"column":31},"end":{"line":40,"column":48}},"type":"default-arg","locations":[{"start":{"line":40,"column":41},"end":{"line":40,"column":48}}],"line":40},"1":{"loc":{"start":{"line":41,"column":17},"end":{"line":41,"column":null}},"type":"cond-expr","locations":[{"start":{"line":41,"column":27},"end":{"line":41,"column":34}},{"start":{"line":41,"column":34},"end":{"line":41,"column":null}}],"line":41}},"s":{"0":1,"1":1,"2":12,"3":12,"4":1},"f":{"0":12},"b":{"0":[12],"1":[8,4]},"meta":{"lastBranch":2,"lastFunction":1,"lastStatement":5,"seen":{"s:7:6:32:Infinity":0,"s:39:15:46:Infinity":1,"f:40:2:40:3":0,"b:40:41:40:48":0,"s:41:17:41:Infinity":2,"b:41:27:41:34:41:34:41:Infinity":1,"s:42:4:43:Infinity":3,"s:47:0:47:Infinity":4}}}
,"C:\\Users\\acer\\Desktop\\shopcart-playbook\\frontend\\src\\components\\ui\\calendar.tsx": {"path":"C:\\Users\\acer\\Desktop\\shopcart-playbook\\frontend\\src\\components\\ui\\calendar.tsx","statementMap":{"0":{"start":{"line":22,"column":8},"end":{"line":22,"column":null}},"1":{"start":{"line":24,"column":2},"end":{"line":135,"column":null}},"2":{"start":{"line":35,"column":39},"end":{"line":35,"column":null}},"3":{"start":{"line":109,"column":10},"end":{"line":109,"column":null}},"4":{"start":{"line":112,"column":10},"end":{"line":114,"column":null}},"5":{"start":{"line":113,"column":12},"end":{"line":113,"column":null}},"6":{"start":{"line":116,"column":10},"end":{"line":118,"column":null}},"7":{"start":{"line":117,"column":12},"end":{"line":117,"column":null}},"8":{"start":{"line":120,"column":10},"end":{"line":120,"column":null}},"9":{"start":{"line":124,"column":10},"end":{"line":129,"column":null}},"10":{"start":{"line":145,"column":8},"end":{"line":145,"column":null}},"11":{"start":{"line":147,"column":14},"end":{"line":147,"column":null}},"12":{"start":{"line":148,"column":2},"end":{"line":150,"column":null}},"13":{"start":{"line":149,"column":4},"end":{"line":149,"column":null}},"14":{"start":{"line":149,"column":27},"end":{"line":149,"column":null}},"15":{"start":{"line":152,"column":2},"end":{"line":173,"column":null}}},"fnMap":{"0":{"name":"Calendar","decl":{"start":{"line":10,"column":9},"end":{"line":10,"column":18}},"loc":{"start":{"line":21,"column":3},"end":{"line":137,"column":null}},"line":21},"1":{"name":"(anonymous_1)","decl":{"start":{"line":35,"column":29},"end":{"line":35,"column":30}},"loc":{"start":{"line":35,"column":39},"end":{"line":35,"column":null}},"line":35},"2":{"name":"(anonymous_2)","decl":{"start":{"line":108,"column":14},"end":{"line":108,"column":15}},"loc":{"start":{"line":108,"column":52},"end":{"line":110,"column":null}},"line":108},"3":{"name":"(anonymous_3)","decl":{"start":{"line":111,"column":17},"end":{"line":111,"column":18}},"loc":{"start":{"line":111,"column":59},"end":{"line":121,"column":null}},"line":111},"4":{"name":"(anonymous_4)","decl":{"start":{"line":123,"column":20},"end":{"line":123,"column":21}},"loc":{"start":{"line":123,"column":48},"end":{"line":131,"column":null}},"line":123},"5":{"name":"CalendarDayButton","decl":{"start":{"line":139,"column":9},"end":{"line":139,"column":27}},"loc":{"start":{"line":144,"column":43},"end":{"line":175,"column":null}},"line":144},"6":{"name":"(anonymous_6)","decl":{"start":{"line":148,"column":18},"end":{"line":148,"column":24}},"loc":{"start":{"line":148,"column":24},"end":{"line":150,"column":5}},"line":148}},"branchMap":{"0":{"loc":{"start":{"line":13,"column":2},"end":{"line":13,"column":null}},"type":"default-arg","locations":[{"start":{"line":13,"column":20},"end":{"line":13,"column":null}}],"line":13},"1":{"loc":{"start":{"line":14,"column":2},"end":{"line":14,"column":null}},"type":"default-arg","locations":[{"start":{"line":14,"column":18},"end":{"line":14,"column":null}}],"line":14},"2":{"loc":{"start":{"line":15,"column":2},"end":{"line":15,"column":null}},"type":"default-arg","locations":[{"start":{"line":15,"column":18},"end":{"line":15,"column":null}}],"line":15},"3":{"loc":{"start":{"line":71,"column":10},"end":{"line":73,"column":null}},"type":"cond-expr","locations":[{"start":{"line":72,"column":14},"end":{"line":72,"column":null}},{"start":{"line":73,"column":14},"end":{"line":73,"column":null}}],"line":71},"4":{"loc":{"start":{"line":112,"column":10},"end":{"line":114,"column":null}},"type":"if","locations":[{"start":{"line":112,"column":10},"end":{"line":114,"column":null}},{"start":{},"end":{}}],"line":112},"5":{"loc":{"start":{"line":116,"column":10},"end":{"line":118,"column":null}},"type":"if","locations":[{"start":{"line":116,"column":10},"end":{"line":118,"column":null}},{"start":{},"end":{}}],"line":116},"6":{"loc":{"start":{"line":149,"column":4},"end":{"line":149,"column":null}},"type":"if","locations":[{"start":{"line":149,"column":4},"end":{"line":149,"column":null}},{"start":{},"end":{}}],"line":149},"7":{"loc":{"start":{"line":159,"column":8},"end":{"line":162,"column":null}},"type":"binary-expr","locations":[{"start":{"line":159,"column":8},"end":{"line":159,"column":null}},{"start":{"line":160,"column":8},"end":{"line":160,"column":null}},{"start":{"line":161,"column":8},"end":{"line":161,"column":null}},{"start":{"line":162,"column":8},"end":{"line":162,"column":null}}],"line":159}},"s":{"0":0,"1":0,"2":0,"3":0,"4":0,"5":0,"6":0,"7":0,"8":0,"9":0,"10":0,"11":0,"12":0,"13":0,"14":0,"15":0},"f":{"0":0,"1":0,"2":0,"3":0,"4":0,"5":0,"6":0},"b":{"0":[0],"1":[0],"2":[0],"3":[0,0],"4":[0,0],"5":[0,0],"6":[0,0],"7":[0,0,0,0]},"meta":{"lastBranch":8,"lastFunction":7,"lastStatement":16,"seen":{"f:10:9:10:18":0,"b:13:20:13:Infinity":0,"b:14:18:14:Infinity":1,"b:15:18:15:Infinity":2,"s:22:8:22:Infinity":0,"s:24:2:135:Infinity":1,"f:35:29:35:30":1,"s:35:39:35:Infinity":2,"b:72:14:72:Infinity:73:14:73:Infinity":3,"f:108:14:108:15":2,"s:109:10:109:Infinity":3,"f:111:17:111:18":3,"b:112:10:114:Infinity:undefined:undefined:undefined:undefined":4,"s:112:10:114:Infinity":4,"s:113:12:113:Infinity":5,"b:116:10:118:Infinity:undefined:undefined:undefined:undefined":5,"s:116:10:118:Infinity":6,"s:117:12:117:Infinity":7,"s:120:10:120:Infinity":8,"f:123:20:123:21":4,"s:124:10:129:Infinity":9,"f:139:9:139:27":5,"s:145:8:145:Infinity":10,"s:147:14:147:Infinity":11,"s:148:2:150:Infinity":12,"f:148:18:148:24":6,"b:149:4:149:Infinity:undefined:undefined:undefined:undefined":6,"s:149:4:149:Infinity":13,"s:149:27:149:Infinity":14,"s:152:2:173:Infinity":15,"b:159:8:159:Infinity:160:8:160:Infinity:161:8:161:Infinity:162:8:162:Infinity":7}}}
,"C:\\Users\\acer\\Desktop\\shopcart-playbook\\frontend\\src\\components\\ui\\card.tsx": {"path":"C:\\Users\\acer\\Desktop\\shopcart-playbook\\frontend\\src\\components\\ui\\card.tsx","statementMap":{"0":{"start":{"line":5,"column":13},"end":{"line":13,"column":null}},"1":{"start":{"line":7,"column":4},"end":{"line":11,"column":null}},"2":{"start":{"line":14,"column":0},"end":{"line":14,"column":null}},"3":{"start":{"line":16,"column":19},"end":{"line":20,"column":null}},"4":{"start":{"line":18,"column":4},"end":{"line":18,"column":null}},"5":{"start":{"line":21,"column":0},"end":{"line":21,"column":null}},"6":{"start":{"line":23,"column":18},"end":{"line":31,"column":null}},"7":{"start":{"line":25,"column":4},"end":{"line":29,"column":null}},"8":{"start":{"line":32,"column":0},"end":{"line":32,"column":null}},"9":{"start":{"line":34,"column":24},"end":{"line":38,"column":null}},"10":{"start":{"line":36,"column":4},"end":{"line":36,"column":null}},"11":{"start":{"line":39,"column":0},"end":{"line":39,"column":null}},"12":{"start":{"line":41,"column":20},"end":{"line":45,"column":null}},"13":{"start":{"line":43,"column":4},"end":{"line":43,"column":null}},"14":{"start":{"line":46,"column":0},"end":{"line":46,"column":null}},"15":{"start":{"line":48,"column":19},"end":{"line":52,"column":null}},"16":{"start":{"line":50,"column":4},"end":{"line":50,"column":null}},"17":{"start":{"line":53,"column":0},"end":{"line":53,"column":null}}},"fnMap":{"0":{"name":"(anonymous_0)","decl":{"start":{"line":6,"column":2},"end":{"line":6,"column":3}},"loc":{"start":{"line":7,"column":4},"end":{"line":11,"column":null}},"line":7},"1":{"name":"(anonymous_1)","decl":{"start":{"line":17,"column":2},"end":{"line":17,"column":3}},"loc":{"start":{"line":18,"column":4},"end":{"line":18,"column":null}},"line":18},"2":{"name":"(anonymous_2)","decl":{"start":{"line":24,"column":2},"end":{"line":24,"column":3}},"loc":{"start":{"line":25,"column":4},"end":{"line":29,"column":null}},"line":25},"3":{"name":"(anonymous_3)","decl":{"start":{"line":35,"column":2},"end":{"line":35,"column":3}},"loc":{"start":{"line":36,"column":4},"end":{"line":36,"column":null}},"line":36},"4":{"name":"(anonymous_4)","decl":{"start":{"line":42,"column":2},"end":{"line":42,"column":3}},"loc":{"start":{"line":43,"column":4},"end":{"line":43,"column":null}},"line":43},"5":{"name":"(anonymous_5)","decl":{"start":{"line":49,"column":2},"end":{"line":49,"column":3}},"loc":{"start":{"line":50,"column":4},"end":{"line":50,"column":null}},"line":50}},"branchMap":{},"s":{"0":1,"1":3,"2":1,"3":1,"4":2,"5":1,"6":1,"7":2,"8":1,"9":1,"10":0,"11":1,"12":1,"13":2,"14":1,"15":1,"16":0,"17":1},"f":{"0":3,"1":2,"2":2,"3":0,"4":2,"5":0},"b":{},"meta":{"lastBranch":0,"lastFunction":6,"lastStatement":18,"seen":{"s:5:13:13:Infinity":0,"f:6:2:6:3":0,"s:7:4:11:Infinity":1,"s:14:0:14:Infinity":2,"s:16:19:20:Infinity":3,"f:17:2:17:3":1,"s:18:4:18:Infinity":4,"s:21:0:21:Infinity":5,"s:23:18:31:Infinity":6,"f:24:2:24:3":2,"s:25:4:29:Infinity":7,"s:32:0:32:Infinity":8,"s:34:24:38:Infinity":9,"f:35:2:35:3":3,"s:36:4:36:Infinity":10,"s:39:0:39:Infinity":11,"s:41:20:45:Infinity":12,"f:42:2:42:3":4,"s:43:4:43:Infinity":13,"s:46:0:46:Infinity":14,"s:48:19:52:Infinity":15,"f:49:2:49:3":5,"s:50:4:50:Infinity":16,"s:53:0:53:Infinity":17}}}
,"C:\\Users\\acer\\Desktop\\shopcart-playbook\\frontend\\src\\components\\ui\\carousel.tsx": {"path":"C:\\Users\\acer\\Desktop\\shopcart-playbook\\frontend\\src\\components\\ui\\carousel.tsx","statementMap":{"0":{"start":{"line":29,"column":24},"end":{"line":29,"column":null}},"1":{"start":{"line":32,"column":18},"end":{"line":32,"column":null}},"2":{"start":{"line":34,"column":2},"end":{"line":36,"column":null}},"3":{"start":{"line":35,"column":4},"end":{"line":35,"column":null}},"4":{"start":{"line":38,"column":2},"end":{"line":38,"column":null}},"5":{"start":{"line":41,"column":17},"end":{"line":132,"column":null}},"6":{"start":{"line":45,"column":25},"end":{"line":51,"column":null}},"7":{"start":{"line":52,"column":44},"end":{"line":52,"column":null}},"8":{"start":{"line":53,"column":44},"end":{"line":53,"column":null}},"9":{"start":{"line":55,"column":19},"end":{"line":62,"column":null}},"10":{"start":{"line":56,"column":4},"end":{"line":58,"column":null}},"11":{"start":{"line":57,"column":6},"end":{"line":57,"column":null}},"12":{"start":{"line":60,"column":4},"end":{"line":60,"column":null}},"13":{"start":{"line":61,"column":4},"end":{"line":61,"column":null}},"14":{"start":{"line":64,"column":21},"end":{"line":66,"column":null}},"15":{"start":{"line":65,"column":4},"end":{"line":65,"column":null}},"16":{"start":{"line":68,"column":21},"end":{"line":70,"column":null}},"17":{"start":{"line":69,"column":4},"end":{"line":69,"column":null}},"18":{"start":{"line":72,"column":24},"end":{"line":83,"column":null}},"19":{"start":{"line":74,"column":6},"end":{"line":80,"column":null}},"20":{"start":{"line":75,"column":8},"end":{"line":75,"column":null}},"21":{"start":{"line":76,"column":8},"end":{"line":76,"column":null}},"22":{"start":{"line":77,"column":6},"end":{"line":80,"column":null}},"23":{"start":{"line":78,"column":8},"end":{"line":78,"column":null}},"24":{"start":{"line":79,"column":8},"end":{"line":79,"column":null}},"25":{"start":{"line":85,"column":2},"end":{"line":91,"column":null}},"26":{"start":{"line":86,"column":4},"end":{"line":88,"column":null}},"27":{"start":{"line":87,"column":6},"end":{"line":87,"column":null}},"28":{"start":{"line":90,"column":4},"end":{"line":90,"column":null}},"29":{"start":{"line":93,"column":2},"end":{"line":105,"column":null}},"30":{"start":{"line":94,"column":4},"end":{"line":96,"column":null}},"31":{"start":{"line":95,"column":6},"end":{"line":95,"column":null}},"32":{"start":{"line":98,"column":4},"end":{"line":98,"column":null}},"33":{"start":{"line":99,"column":4},"end":{"line":99,"column":null}},"34":{"start":{"line":100,"column":4},"end":{"line":100,"column":null}},"35":{"start":{"line":102,"column":4},"end":{"line":104,"column":null}},"36":{"start":{"line":103,"column":6},"end":{"line":103,"column":null}},"37":{"start":{"line":107,"column":2},"end":{"line":130,"column":null}},"38":{"start":{"line":133,"column":0},"end":{"line":133,"column":null}},"39":{"start":{"line":135,"column":24},"end":{"line":153,"column":null}},"40":{"start":{"line":137,"column":41},"end":{"line":137,"column":null}},"41":{"start":{"line":139,"column":4},"end":{"line":150,"column":null}},"42":{"start":{"line":154,"column":0},"end":{"line":154,"column":null}},"43":{"start":{"line":156,"column":21},"end":{"line":174,"column":null}},"44":{"start":{"line":158,"column":28},"end":{"line":158,"column":null}},"45":{"start":{"line":160,"column":4},"end":{"line":171,"column":null}},"46":{"start":{"line":175,"column":0},"end":{"line":175,"column":null}},"47":{"start":{"line":177,"column":25},"end":{"line":202,"column":null}},"48":{"start":{"line":179,"column":55},"end":{"line":179,"column":null}},"49":{"start":{"line":181,"column":4},"end":{"line":199,"column":null}},"50":{"start":{"line":203,"column":0},"end":{"line":203,"column":null}},"51":{"start":{"line":205,"column":21},"end":{"line":230,"column":null}},"52":{"start":{"line":207,"column":55},"end":{"line":207,"column":null}},"53":{"start":{"line":209,"column":4},"end":{"line":227,"column":null}},"54":{"start":{"line":231,"column":0},"end":{"line":231,"column":null}}},"fnMap":{"0":{"name":"useCarousel","decl":{"start":{"line":31,"column":9},"end":{"line":31,"column":23}},"loc":{"start":{"line":31,"column":23},"end":{"line":39,"column":null}},"line":31},"1":{"name":"(anonymous_1)","decl":{"start":{"line":44,"column":2},"end":{"line":44,"column":3}},"loc":{"start":{"line":44,"column":97},"end":{"line":132,"column":1}},"line":44},"2":{"name":"(anonymous_2)","decl":{"start":{"line":55,"column":37},"end":{"line":55,"column":38}},"loc":{"start":{"line":55,"column":59},"end":{"line":62,"column":5}},"line":55},"3":{"name":"(anonymous_3)","decl":{"start":{"line":64,"column":39},"end":{"line":64,"column":45}},"loc":{"start":{"line":64,"column":45},"end":{"line":66,"column":5}},"line":64},"4":{"name":"(anonymous_4)","decl":{"start":{"line":68,"column":39},"end":{"line":68,"column":45}},"loc":{"start":{"line":68,"column":45},"end":{"line":70,"column":5}},"line":68},"5":{"name":"(anonymous_5)","decl":{"start":{"line":73,"column":4},"end":{"line":73,"column":5}},"loc":{"start":{"line":73,"column":52},"end":{"line":81,"column":null}},"line":73},"6":{"name":"(anonymous_6)","decl":{"start":{"line":85,"column":18},"end":{"line":85,"column":24}},"loc":{"start":{"line":85,"column":24},"end":{"line":91,"column":5}},"line":85},"7":{"name":"(anonymous_7)","decl":{"start":{"line":93,"column":18},"end":{"line":93,"column":24}},"loc":{"start":{"line":93,"column":24},"end":{"line":105,"column":5}},"line":93},"8":{"name":"(anonymous_8)","decl":{"start":{"line":102,"column":11},"end":{"line":102,"column":17}},"loc":{"start":{"line":102,"column":17},"end":{"line":104,"column":null}},"line":102},"9":{"name":"(anonymous_9)","decl":{"start":{"line":136,"column":2},"end":{"line":136,"column":3}},"loc":{"start":{"line":136,"column":36},"end":{"line":152,"column":null}},"line":136},"10":{"name":"(anonymous_10)","decl":{"start":{"line":157,"column":2},"end":{"line":157,"column":3}},"loc":{"start":{"line":157,"column":36},"end":{"line":173,"column":null}},"line":157},"11":{"name":"(anonymous_11)","decl":{"start":{"line":178,"column":2},"end":{"line":178,"column":3}},"loc":{"start":{"line":178,"column":72},"end":{"line":201,"column":null}},"line":178},"12":{"name":"(anonymous_12)","decl":{"start":{"line":206,"column":2},"end":{"line":206,"column":3}},"loc":{"start":{"line":206,"column":72},"end":{"line":229,"column":null}},"line":206}},"branchMap":{"0":{"loc":{"start":{"line":34,"column":2},"end":{"line":36,"column":null}},"type":"if","locations":[{"start":{"line":34,"column":2},"end":{"line":36,"column":null}},{"start":{},"end":{}}],"line":34},"1":{"loc":{"start":{"line":44,"column":5},"end":{"line":44,"column":33}},"type":"default-arg","locations":[{"start":{"line":44,"column":19},"end":{"line":44,"column":33}}],"line":44},"2":{"loc":{"start":{"line":48,"column":12},"end":{"line":48,"column":null}},"type":"cond-expr","locations":[{"start":{"line":48,"column":43},"end":{"line":48,"column":49}},{"start":{"line":48,"column":49},"end":{"line":48,"column":null}}],"line":48},"3":{"loc":{"start":{"line":56,"column":4},"end":{"line":58,"column":null}},"type":"if","locations":[{"start":{"line":56,"column":4},"end":{"line":58,"column":null}},{"start":{},"end":{}}],"line":56},"4":{"loc":{"start":{"line":74,"column":6},"end":{"line":80,"column":null}},"type":"if","locations":[{"start":{"line":74,"column":6},"end":{"line":80,"column":null}},{"start":{"line":77,"column":6},"end":{"line":80,"column":null}}],"line":74},"5":{"loc":{"start":{"line":77,"column":6},"end":{"line":80,"column":null}},"type":"if","locations":[{"start":{"line":77,"column":6},"end":{"line":80,"column":null}},{"start":{},"end":{}}],"line":77},"6":{"loc":{"start":{"line":86,"column":4},"end":{"line":88,"column":null}},"type":"if","locations":[{"start":{"line":86,"column":4},"end":{"line":88,"column":null}},{"start":{},"end":{}}],"line":86},"7":{"loc":{"start":{"line":86,"column":8},"end":{"line":86,"column":25}},"type":"binary-expr","locations":[{"start":{"line":86,"column":8},"end":{"line":86,"column":16}},{"start":{"line":86,"column":16},"end":{"line":86,"column":25}}],"line":86},"8":{"loc":{"start":{"line":94,"column":4},"end":{"line":96,"column":null}},"type":"if","locations":[{"start":{"line":94,"column":4},"end":{"line":96,"column":null}},{"start":{},"end":{}}],"line":94},"9":{"loc":{"start":{"line":113,"column":21},"end":{"line":113,"column":null}},"type":"binary-expr","locations":[{"start":{"line":113,"column":21},"end":{"line":113,"column":37}},{"start":{"line":113,"column":37},"end":{"line":113,"column":null}}],"line":113},"10":{"loc":{"start":{"line":113,"column":37},"end":{"line":113,"column":null}},"type":"cond-expr","locations":[{"start":{"line":113,"column":58},"end":{"line":113,"column":71}},{"start":{"line":113,"column":71},"end":{"line":113,"column":null}}],"line":113},"11":{"loc":{"start":{"line":145,"column":12},"end":{"line":145,"column":null}},"type":"cond-expr","locations":[{"start":{"line":145,"column":43},"end":{"line":145,"column":53}},{"start":{"line":145,"column":53},"end":{"line":145,"column":null}}],"line":145},"12":{"loc":{"start":{"line":167,"column":10},"end":{"line":167,"column":null}},"type":"cond-expr","locations":[{"start":{"line":167,"column":41},"end":{"line":167,"column":50}},{"start":{"line":167,"column":50},"end":{"line":167,"column":null}}],"line":167},"13":{"loc":{"start":{"line":178,"column":16},"end":{"line":178,"column":37}},"type":"default-arg","locations":[{"start":{"line":178,"column":26},"end":{"line":178,"column":37}}],"line":178},"14":{"loc":{"start":{"line":178,"column":37},"end":{"line":178,"column":52}},"type":"default-arg","locations":[{"start":{"line":178,"column":44},"end":{"line":178,"column":52}}],"line":178},"15":{"loc":{"start":{"line":188,"column":10},"end":{"line":190,"column":null}},"type":"cond-expr","locations":[{"start":{"line":189,"column":14},"end":{"line":189,"column":null}},{"start":{"line":190,"column":14},"end":{"line":190,"column":null}}],"line":188},"16":{"loc":{"start":{"line":206,"column":16},"end":{"line":206,"column":37}},"type":"default-arg","locations":[{"start":{"line":206,"column":26},"end":{"line":206,"column":37}}],"line":206},"17":{"loc":{"start":{"line":206,"column":37},"end":{"line":206,"column":52}},"type":"default-arg","locations":[{"start":{"line":206,"column":44},"end":{"line":206,"column":52}}],"line":206},"18":{"loc":{"start":{"line":216,"column":10},"end":{"line":218,"column":null}},"type":"cond-expr","locations":[{"start":{"line":217,"column":14},"end":{"line":217,"column":null}},{"start":{"line":218,"column":14},"end":{"line":218,"column":null}}],"line":216}},"s":{"0":0,"1":0,"2":0,"3":0,"4":0,"5":0,"6":0,"7":0,"8":0,"9":0,"10":0,"11":0,"12":0,"13":0,"14":0,"15":0,"16":0,"17":0,"18":0,"19":0,"20":0,"21":0,"22":0,"23":0,"24":0,"25":0,"26":0,"27":0,"28":0,"29":0,"30":0,"31":0,"32":0,"33":0,"34":0,"35":0,"36":0,"37":0,"38":0,"39":0,"40":0,"41":0,"42":0,"43":0,"44":0,"45":0,"46":0,"47":0,"48":0,"49":0,"50":0,"51":0,"52":0,"53":0,"54":0},"f":{"0":0,"1":0,"2":0,"3":0,"4":0,"5":0,"6":0,"7":0,"8":0,"9":0,"10":0,"11":0,"12":0},"b":{"0":[0,0],"1":[0],"2":[0,0],"3":[0,0],"4":[0,0],"5":[0,0],"6":[0,0],"7":[0,0],"8":[0,0],"9":[0,0],"10":[0,0],"11":[0,0],"12":[0,0],"13":[0],"14":[0],"15":[0,0],"16":[0],"17":[0],"18":[0,0]},"meta":{"lastBranch":19,"lastFunction":13,"lastStatement":55,"seen":{"s:29:24:29:Infinity":0,"f:31:9:31:23":0,"s:32:18:32:Infinity":1,"b:34:2:36:Infinity:undefined:undefined:undefined:undefined":0,"s:34:2:36:Infinity":2,"s:35:4:35:Infinity":3,"s:38:2:38:Infinity":4,"s:41:17:132:Infinity":5,"f:44:2:44:3":1,"b:44:19:44:33":1,"s:45:25:51:Infinity":6,"b:48:43:48:49:48:49:48:Infinity":2,"s:52:44:52:Infinity":7,"s:53:44:53:Infinity":8,"s:55:19:62:Infinity":9,"f:55:37:55:38":2,"b:56:4:58:Infinity:undefined:undefined:undefined:undefined":3,"s:56:4:58:Infinity":10,"s:57:6:57:Infinity":11,"s:60:4:60:Infinity":12,"s:61:4:61:Infinity":13,"s:64:21:66:Infinity":14,"f:64:39:64:45":3,"s:65:4:65:Infinity":15,"s:68:21:70:Infinity":16,"f:68:39:68:45":4,"s:69:4:69:Infinity":17,"s:72:24:83:Infinity":18,"f:73:4:73:5":5,"b:74:6:80:Infinity:77:6:80:Infinity":4,"s:74:6:80:Infinity":19,"s:75:8:75:Infinity":20,"s:76:8:76:Infinity":21,"b:77:6:80:Infinity:undefined:undefined:undefined:undefined":5,"s:77:6:80:Infinity":22,"s:78:8:78:Infinity":23,"s:79:8:79:Infinity":24,"s:85:2:91:Infinity":25,"f:85:18:85:24":6,"b:86:4:88:Infinity:undefined:undefined:undefined:undefined":6,"s:86:4:88:Infinity":26,"b:86:8:86:16:86:16:86:25":7,"s:87:6:87:Infinity":27,"s:90:4:90:Infinity":28,"s:93:2:105:Infinity":29,"f:93:18:93:24":7,"b:94:4:96:Infinity:undefined:undefined:undefined:undefined":8,"s:94:4:96:Infinity":30,"s:95:6:95:Infinity":31,"s:98:4:98:Infinity":32,"s:99:4:99:Infinity":33,"s:100:4:100:Infinity":34,"s:102:4:104:Infinity":35,"f:102:11:102:17":8,"s:103:6:103:Infinity":36,"s:107:2:130:Infinity":37,"b:113:21:113:37:113:37:113:Infinity":9,"b:113:58:113:71:113:71:113:Infinity":10,"s:133:0:133:Infinity":38,"s:135:24:153:Infinity":39,"f:136:2:136:3":9,"s:137:41:137:Infinity":40,"s:139:4:150:Infinity":41,"b:145:43:145:53:145:53:145:Infinity":11,"s:154:0:154:Infinity":42,"s:156:21:174:Infinity":43,"f:157:2:157:3":10,"s:158:28:158:Infinity":44,"s:160:4:171:Infinity":45,"b:167:41:167:50:167:50:167:Infinity":12,"s:175:0:175:Infinity":46,"s:177:25:202:Infinity":47,"f:178:2:178:3":11,"b:178:26:178:37":13,"b:178:44:178:52":14,"s:179:55:179:Infinity":48,"s:181:4:199:Infinity":49,"b:189:14:189:Infinity:190:14:190:Infinity":15,"s:203:0:203:Infinity":50,"s:205:21:230:Infinity":51,"f:206:2:206:3":12,"b:206:26:206:37":16,"b:206:44:206:52":17,"s:207:55:207:Infinity":52,"s:209:4:227:Infinity":53,"b:217:14:217:Infinity:218:14:218:Infinity":18,"s:231:0:231:Infinity":54}}}
,"C:\\Users\\acer\\Desktop\\shopcart-playbook\\frontend\\src\\components\\ui\\chart.tsx": {"path":"C:\\Users\\acer\\Desktop\\shopcart-playbook\\frontend\\src\\components\\ui\\chart.tsx","statementMap":{"0":{"start":{"line":7,"column":15},"end":{"line":7,"column":null}},"1":{"start":{"line":23,"column":21},"end":{"line":23,"column":null}},"2":{"start":{"line":26,"column":18},"end":{"line":26,"column":null}},"3":{"start":{"line":28,"column":2},"end":{"line":30,"column":null}},"4":{"start":{"line":29,"column":4},"end":{"line":29,"column":null}},"5":{"start":{"line":32,"column":2},"end":{"line":32,"column":null}},"6":{"start":{"line":35,"column":23},"end":{"line":61,"column":null}},"7":{"start":{"line":42,"column":19},"end":{"line":42,"column":null}},"8":{"start":{"line":43,"column":18},"end":{"line":43,"column":null}},"9":{"start":{"line":45,"column":2},"end":{"line":59,"column":null}},"10":{"start":{"line":62,"column":0},"end":{"line":62,"column":null}},"11":{"start":{"line":64,"column":19},"end":{"line":91,"column":null}},"12":{"start":{"line":65,"column":22},"end":{"line":65,"column":null}},"13":{"start":{"line":65,"column":68},"end":{"line":65,"column":96}},"14":{"start":{"line":67,"column":2},"end":{"line":69,"column":null}},"15":{"start":{"line":68,"column":4},"end":{"line":68,"column":null}},"16":{"start":{"line":71,"column":2},"end":{"line":89,"column":null}},"17":{"start":{"line":76,"column":33},"end":{"line":83,"column":null}},"18":{"start":{"line":80,"column":18},"end":{"line":80,"column":null}},"19":{"start":{"line":81,"column":4},"end":{"line":81,"column":null}},"20":{"start":{"line":93,"column":21},"end":{"line":93,"column":null}},"21":{"start":{"line":95,"column":28},"end":{"line":238,"column":null}},"22":{"start":{"line":124,"column":23},"end":{"line":124,"column":null}},"23":{"start":{"line":126,"column":25},"end":{"line":150,"column":null}},"24":{"start":{"line":127,"column":6},"end":{"line":129,"column":null}},"25":{"start":{"line":128,"column":8},"end":{"line":128,"column":null}},"26":{"start":{"line":131,"column":21},"end":{"line":131,"column":null}},"27":{"start":{"line":132,"column":18},"end":{"line":132,"column":null}},"28":{"start":{"line":133,"column":25},"end":{"line":133,"column":null}},"29":{"start":{"line":135,"column":8},"end":{"line":137,"column":null}},"30":{"start":{"line":139,"column":6},"end":{"line":143,"column":null}},"31":{"start":{"line":140,"column":8},"end":{"line":141,"column":null}},"32":{"start":{"line":145,"column":6},"end":{"line":147,"column":null}},"33":{"start":{"line":146,"column":8},"end":{"line":146,"column":null}},"34":{"start":{"line":149,"column":6},"end":{"line":149,"column":null}},"35":{"start":{"line":152,"column":4},"end":{"line":154,"column":null}},"36":{"start":{"line":153,"column":6},"end":{"line":153,"column":null}},"37":{"start":{"line":156,"column":22},"end":{"line":156,"column":null}},"38":{"start":{"line":158,"column":4},"end":{"line":235,"column":null}},"39":{"start":{"line":169,"column":30},"end":{"line":169,"column":50}},"40":{"start":{"line":171,"column":26},"end":{"line":171,"column":null}},"41":{"start":{"line":172,"column":33},"end":{"line":172,"column":null}},"42":{"start":{"line":173,"column":37},"end":{"line":173,"column":null}},"43":{"start":{"line":175,"column":14},"end":{"line":231,"column":null}},"44":{"start":{"line":239,"column":0},"end":{"line":239,"column":null}},"45":{"start":{"line":241,"column":20},"end":{"line":241,"column":null}},"46":{"start":{"line":243,"column":27},"end":{"line":295,"column":null}},"47":{"start":{"line":251,"column":21},"end":{"line":251,"column":null}},"48":{"start":{"line":253,"column":2},"end":{"line":255,"column":null}},"49":{"start":{"line":254,"column":4},"end":{"line":254,"column":null}},"50":{"start":{"line":257,"column":2},"end":{"line":293,"column":null}},"51":{"start":{"line":267,"column":26},"end":{"line":267,"column":46}},"52":{"start":{"line":269,"column":22},"end":{"line":269,"column":null}},"53":{"start":{"line":270,"column":29},"end":{"line":270,"column":null}},"54":{"start":{"line":272,"column":10},"end":{"line":290,"column":null}},"55":{"start":{"line":296,"column":0},"end":{"line":296,"column":null}},"56":{"start":{"line":300,"column":2},"end":{"line":302,"column":null}},"57":{"start":{"line":301,"column":4},"end":{"line":301,"column":null}},"58":{"start":{"line":305,"column":4},"end":{"line":307,"column":null}},"59":{"start":{"line":309,"column":31},"end":{"line":309,"column":null}},"60":{"start":{"line":311,"column":2},"end":{"line":319,"column":null}},"61":{"start":{"line":312,"column":4},"end":{"line":312,"column":null}},"62":{"start":{"line":313,"column":2},"end":{"line":319,"column":null}},"63":{"start":{"line":318,"column":4},"end":{"line":318,"column":null}},"64":{"start":{"line":321,"column":2},"end":{"line":321,"column":null}}},"fnMap":{"0":{"name":"useChart","decl":{"start":{"line":25,"column":9},"end":{"line":25,"column":20}},"loc":{"start":{"line":25,"column":20},"end":{"line":33,"column":null}},"line":25},"1":{"name":"(anonymous_1)","decl":{"start":{"line":41,"column":2},"end":{"line":41,"column":3}},"loc":{"start":{"line":41,"column":58},"end":{"line":61,"column":1}},"line":41},"2":{"name":"(anonymous_2)","decl":{"start":{"line":64,"column":19},"end":{"line":64,"column":20}},"loc":{"start":{"line":64,"column":76},"end":{"line":91,"column":null}},"line":64},"3":{"name":"(anonymous_3)","decl":{"start":{"line":65,"column":52},"end":{"line":65,"column":53}},"loc":{"start":{"line":65,"column":68},"end":{"line":65,"column":96}},"line":65},"4":{"name":"(anonymous_4)","decl":{"start":{"line":76,"column":12},"end":{"line":76,"column":13}},"loc":{"start":{"line":76,"column":33},"end":{"line":83,"column":null}},"line":76},"5":{"name":"(anonymous_5)","decl":{"start":{"line":79,"column":7},"end":{"line":79,"column":8}},"loc":{"start":{"line":79,"column":30},"end":{"line":82,"column":3}},"line":79},"6":{"name":"(anonymous_6)","decl":{"start":{"line":106,"column":2},"end":{"line":106,"column":null}},"loc":{"start":{"line":123,"column":7},"end":{"line":237,"column":null}},"line":123},"7":{"name":"(anonymous_7)","decl":{"start":{"line":126,"column":39},"end":{"line":126,"column":45}},"loc":{"start":{"line":126,"column":45},"end":{"line":150,"column":7}},"line":126},"8":{"name":"(anonymous_8)","decl":{"start":{"line":169,"column":20},"end":{"line":169,"column":21}},"loc":{"start":{"line":169,"column":30},"end":{"line":169,"column":50}},"line":169},"9":{"name":"(anonymous_9)","decl":{"start":{"line":170,"column":17},"end":{"line":170,"column":18}},"loc":{"start":{"line":170,"column":34},"end":{"line":233,"column":13}},"line":170},"10":{"name":"(anonymous_10)","decl":{"start":{"line":250,"column":2},"end":{"line":250,"column":3}},"loc":{"start":{"line":250,"column":88},"end":{"line":295,"column":1}},"line":250},"11":{"name":"(anonymous_11)","decl":{"start":{"line":267,"column":16},"end":{"line":267,"column":17}},"loc":{"start":{"line":267,"column":26},"end":{"line":267,"column":46}},"line":267},"12":{"name":"(anonymous_12)","decl":{"start":{"line":268,"column":13},"end":{"line":268,"column":14}},"loc":{"start":{"line":268,"column":23},"end":{"line":292,"column":9}},"line":268},"13":{"name":"getPayloadConfigFromPayload","decl":{"start":{"line":299,"column":9},"end":{"line":299,"column":37}},"loc":{"start":{"line":299,"column":89},"end":{"line":322,"column":null}},"line":299}},"branchMap":{"0":{"loc":{"start":{"line":28,"column":2},"end":{"line":30,"column":null}},"type":"if","locations":[{"start":{"line":28,"column":2},"end":{"line":30,"column":null}},{"start":{},"end":{}}],"line":28},"1":{"loc":{"start":{"line":43,"column":27},"end":{"line":43,"column":59}},"type":"binary-expr","locations":[{"start":{"line":43,"column":27},"end":{"line":43,"column":33}},{"start":{"line":43,"column":33},"end":{"line":43,"column":59}}],"line":43},"2":{"loc":{"start":{"line":65,"column":68},"end":{"line":65,"column":96}},"type":"binary-expr","locations":[{"start":{"line":65,"column":68},"end":{"line":65,"column":84}},{"start":{"line":65,"column":84},"end":{"line":65,"column":96}}],"line":65},"3":{"loc":{"start":{"line":67,"column":2},"end":{"line":69,"column":null}},"type":"if","locations":[{"start":{"line":67,"column":2},"end":{"line":69,"column":null}},{"start":{},"end":{}}],"line":67},"4":{"loc":{"start":{"line":80,"column":18},"end":{"line":80,"column":null}},"type":"binary-expr","locations":[{"start":{"line":80,"column":18},"end":{"line":80,"column":80}},{"start":{"line":80,"column":80},"end":{"line":80,"column":null}}],"line":80},"5":{"loc":{"start":{"line":81,"column":11},"end":{"line":81,"column":null}},"type":"cond-expr","locations":[{"start":{"line":81,"column":19},"end":{"line":81,"column":51}},{"start":{"line":81,"column":51},"end":{"line":81,"column":null}}],"line":81},"6":{"loc":{"start":{"line":111,"column":6},"end":{"line":111,"column":null}},"type":"default-arg","locations":[{"start":{"line":111,"column":18},"end":{"line":111,"column":null}}],"line":111},"7":{"loc":{"start":{"line":112,"column":6},"end":{"line":112,"column":null}},"type":"default-arg","locations":[{"start":{"line":112,"column":18},"end":{"line":112,"column":null}}],"line":112},"8":{"loc":{"start":{"line":113,"column":6},"end":{"line":113,"column":null}},"type":"default-arg","locations":[{"start":{"line":113,"column":22},"end":{"line":113,"column":null}}],"line":113},"9":{"loc":{"start":{"line":127,"column":6},"end":{"line":129,"column":null}},"type":"if","locations":[{"start":{"line":127,"column":6},"end":{"line":129,"column":null}},{"start":{},"end":{}}],"line":127},"10":{"loc":{"start":{"line":127,"column":10},"end":{"line":127,"column":41}},"type":"binary-expr","locations":[{"start":{"line":127,"column":10},"end":{"line":127,"column":23}},{"start":{"line":127,"column":23},"end":{"line":127,"column":41}}],"line":127},"11":{"loc":{"start":{"line":132,"column":21},"end":{"line":132,"column":71}},"type":"
[...]
n":117}}],"line":60},"12":{"loc":{"start":{"line":60,"column":72},"end":{"line":60,"column":98}},"type":"binary-expr","locations":[{"start":{"line":60,"column":72},"end":{"line":60,"column":92}},{"start":{"line":60,"column":92},"end":{"line":60,"column":98}}],"line":60},"13":{"loc":{"start":{"line":76,"column":9},"end":{"line":76,"column":null}},"type":"binary-expr","locations":[{"start":{"line":76,"column":9},"end":{"line":76,"column":26}},{"start":{"line":76,"column":26},"end":{"line":76,"column":null}}],"line":76},"14":{"loc":{"start":{"line":86,"column":2},"end":{"line":88,"column":null}},"type":"if","locations":[{"start":{"line":86,"column":2},"end":{"line":88,"column":null}},{"start":{},"end":{}}],"line":86},"15":{"loc":{"start":{"line":86,"column":6},"end":{"line":86,"column":33}},"type":"binary-expr","locations":[{"start":{"line":86,"column":6},"end":{"line":86,"column":17}},{"start":{"line":86,"column":17},"end":{"line":86,"column":33}}],"line":86},"16":{"loc":{"start":{"line":90,"column":19},"end":{"line":92,"column":null}},"type":"cond-expr","locations":[{"start":{"line":91,"column":6},"end":{"line":91,"column":null}},{"start":{"line":92,"column":6},"end":{"line":92,"column":null}}],"line":90}},"s":{"0":7,"1":7,"2":7,"3":7,"4":6,"5":6,"6":0,"7":6,"8":5,"9":0,"10":5,"11":0,"12":5,"13":0,"14":5,"15":9,"16":9,"17":9,"18":9,"19":9,"20":8,"21":2,"22":6,"23":8},"f":{"0":7,"1":6,"2":5,"3":9,"4":8},"b":{"0":[7],"1":[5,2],"2":[7,5],"3":[3,2],"4":[6,1],"5":[0,6],"6":[6,0],"7":[0,5],"8":[0,5],"9":[5,4],"10":[0,5],"11":[5,0,0],"12":[0,0],"13":[9,7],"14":[2,6],"15":[8,7],"16":[3,3]},"meta":{"lastBranch":17,"lastFunction":5,"lastStatement":24,"seen":{"f:12:16:12:Infinity":0,"b:15:24:15:Infinity":0,"s:17:19:21:Infinity":0,"b:18:6:20:Infinity:21:6:21:Infinity":1,"b:17:19:17:29:17:29:17:Infinity":2,"b:19:8:19:Infinity:20:8:20:Infinity":3,"s:23:28:23:Infinity":1,"b:23:43:23:57:23:57:23:Infinity":4,"s:24:16:24:Infinity":2,"s:26:2:30:Infinity":3,"f:36:9:36:34":1,"s:37:19:37:Infinity":4,"b:39:2:41:Infinity:undefined:undefined:undefined:undefined":5,"s:39:2:41:Infinity":5,"b:39:6:39:28:39:28:39:52":6,"s:40:4:40:Infinity":6,"s:42:2:42:Infinity":7,"f:48:16:48:35":2,"b:50:2:52:Infinity:undefined:undefined:undefined:undefined":7,"s:50:2:52:Infinity":8,"s:51:4:51:Infinity":9,"b:55:2:57:Infinity:undefined:undefined:undefined:undefined":8,"s:55:2:57:Infinity":10,"b:55:6:55:39:55:39:55:67":9,"s:56:4:56:Infinity":11,"b:60:2:62:Infinity:undefined:undefined:undefined:undefined":10,"s:60:2:62:Infinity":12,"b:60:6:60:41:60:41:60:72:60:63:60:117":11,"b:60:72:60:92:60:92:60:98":12,"s:61:4:61:Infinity":13,"s:64:2:64:Infinity":14,"f:70:16:70:30":3,"s:71:14:71:Infinity":15,"s:72:21:72:Infinity":16,"s:74:17:74:Infinity":17,"s:75:20:75:Infinity":18,"s:76:2:76:Infinity":19,"b:76:9:76:26:76:26:76:Infinity":13,"f:82:16:82:Infinity":4,"b:86:2:88:Infinity:undefined:undefined:undefined:undefined":14,"s:86:2:88:Infinity":20,"b:86:6:86:17:86:17:86:33":15,"s:87:4:87:Infinity":21,"s:90:19:92:Infinity":22,"b:91:6:91:Infinity:92:6:92:Infinity":16,"s:94:2:94:Infinity":23}}}
,"C:\\Users\\acer\\Desktop\\shopcart-playbook\\frontend\\src\\lib\\format.ts": {"path":"C:\\Users\\acer\\Desktop\\shopcart-playbook\\frontend\\src\\lib\\format.ts","statementMap":{"0":{"start":{"line":2,"column":2},"end":{"line":2,"column":null}},"1":{"start":{"line":6,"column":2},"end":{"line":10,"column":null}}},"fnMap":{"0":{"name":"formatPrice","decl":{"start":{"line":1,"column":16},"end":{"line":1,"column":28}},"loc":{"start":{"line":1,"column":44},"end":{"line":3,"column":null}},"line":1},"1":{"name":"formatDate","decl":{"start":{"line":5,"column":16},"end":{"line":5,"column":27}},"loc":{"start":{"line":5,"column":40},"end":{"line":11,"column":null}},"line":5}},"branchMap":{},"s":{"0":8,"1":3},"f":{"0":8,"1":3},"b":{},"meta":{"lastBranch":0,"lastFunction":2,"lastStatement":2,"seen":{"f:1:16:1:28":0,"s:2:2:2:Infinity":0,"f:5:16:5:27":1,"s:6:2:10:Infinity":1}}}
,"C:\\Users\\acer\\Desktop\\shopcart-playbook\\frontend\\src\\lib\\order-state-machine.ts": {"path":"C:\\Users\\acer\\Desktop\\shopcart-playbook\\frontend\\src\\lib\\order-state-machine.ts","statementMap":{"0":{"start":{"line":14,"column":2},"end":{"line":25,"column":null}},"1":{"start":{"line":16,"column":6},"end":{"line":16,"column":null}},"2":{"start":{"line":18,"column":6},"end":{"line":18,"column":null}},"3":{"start":{"line":20,"column":6},"end":{"line":20,"column":null}},"4":{"start":{"line":24,"column":6},"end":{"line":24,"column":null}},"5":{"start":{"line":29,"column":2},"end":{"line":29,"column":null}},"6":{"start":{"line":33,"column":44},"end":{"line":33,"column":null}},"7":{"start":{"line":36,"column":12},"end":{"line":36,"column":null}},"8":{"start":{"line":37,"column":2},"end":{"line":37,"column":null}}},"fnMap":{"0":{"name":"getNextAction","decl":{"start":{"line":13,"column":16},"end":{"line":13,"column":30}},"loc":{"start":{"line":13,"column":70},"end":{"line":26,"column":null}},"line":13},"1":{"name":"canCancel","decl":{"start":{"line":28,"column":16},"end":{"line":28,"column":26}},"loc":{"start":{"line":28,"column":56},"end":{"line":30,"column":null}},"line":28},"2":{"name":"flowIndex","decl":{"start":{"line":35,"column":16},"end":{"line":35,"column":26}},"loc":{"start":{"line":35,"column":55},"end":{"line":38,"column":null}},"line":35}},"branchMap":{"0":{"loc":{"start":{"line":14,"column":2},"end":{"line":25,"column":null}},"type":"switch","locations":[{"start":{"line":15,"column":4},"end":{"line":16,"column":null}},{"start":{"line":17,"column":4},"end":{"line":18,"column":null}},{"start":{"line":19,"column":4},"end":{"line":20,"column":null}},{"start":{"line":21,"column":4},"end":{"line":21,"column":null}},{"start":{"line":22,"column":4},"end":{"line":22,"column":null}},{"start":{"line":23,"column":4},"end":{"line":24,"column":null}}],"line":14},"1":{"loc":{"start":{"line":29,"column":9},"end":{"line":29,"column":null}},"type":"binary-expr","locations":[{"start":{"line":29,"column":9},"end":{"line":29,"column":33}},{"start":{"line":29,"column":33},"end":{"line":29,"column":null}}],"line":29},"2":{"loc":{"start":{"line":37,"column":9},"end":{"line":37,"column":null}},"type":"cond-expr","locations":[{"start":{"line":37,"column":20},"end":{"line":37,"column":25}},{"start":{"line":37,"column":25},"end":{"line":37,"column":null}}],"line":37}},"s":{"0":5,"1":1,"2":1,"3":1,"4":2,"5":5,"6":1,"7":6,"8":6},"f":{"0":5,"1":5,"2":6},"b":{"0":[1,1,1,1,2,2],"1":[5,4],"2":[2,4]},"meta":{"lastBranch":3,"lastFunction":3,"lastStatement":9,"seen":{"f:13:16:13:30":0,"b:15:4:16:Infinity:17:4:18:Infinity:19:4:20:Infinity:21:4:21:Infinity:22:4:22:Infinity:23:4:24:Infinity":0,"s:14:2:25:Infinity":0,"s:16:6:16:Infinity":1,"s:18:6:18:Infinity":2,"s:20:6:20:Infinity":3,"s:24:6:24:Infinity":4,"f:28:16:28:26":1,"s:29:2:29:Infinity":5,"b:29:9:29:33:29:33:29:Infinity":1,"s:33:44:33:Infinity":6,"f:35:16:35:26":2,"s:36:12:36:Infinity":7,"s:37:2:37:Infinity":8,"b:37:20:37:25:37:25:37:Infinity":2}}}
,"C:\\Users\\acer\\Desktop\\shopcart-playbook\\frontend\\src\\lib\\utils.ts": {"path":"C:\\Users\\acer\\Desktop\\shopcart-playbook\\frontend\\src\\lib\\utils.ts","statementMap":{"0":{"start":{"line":5,"column":2},"end":{"line":5,"column":null}}},"fnMap":{"0":{"name":"cn","decl":{"start":{"line":4,"column":16},"end":{"line":4,"column":22}},"loc":{"start":{"line":4,"column":44},"end":{"line":6,"column":null}},"line":4}},"branchMap":{},"s":{"0":31},"f":{"0":31},"b":{},"meta":{"lastBranch":0,"lastFunction":1,"lastStatement":1,"seen":{"f:4:16:4:22":0,"s:5:2:5:Infinity":0}}}
,"C:\\Users\\acer\\Desktop\\shopcart-playbook\\frontend\\src\\stores\\auth-store.ts": {"path":"C:\\Users\\acer\\Desktop\\shopcart-playbook\\frontend\\src\\stores\\auth-store.ts","statementMap":{"0":{"start":{"line":30,"column":2},"end":{"line":30,"column":null}},"1":{"start":{"line":32,"column":2},"end":{"line":42,"column":null}},"2":{"start":{"line":33,"column":4},"end":{"line":41,"column":null}},"3":{"start":{"line":35,"column":6},"end":{"line":35,"column":null}},"4":{"start":{"line":36,"column":6},"end":{"line":36,"column":null}},"5":{"start":{"line":38,"column":6},"end":{"line":38,"column":null}},"6":{"start":{"line":45,"column":13},"end":{"line":81,"column":null}},"7":{"start":{"line":47,"column":19},"end":{"line":78,"column":null}},"8":{"start":{"line":51,"column":29},"end":{"line":51,"column":null}},"9":{"start":{"line":52,"column":21},"end":{"line":52,"column":null}},"10":{"start":{"line":55,"column":8},"end":{"line":55,"column":null}},"11":{"start":{"line":56,"column":32},"end":{"line":59,"column":null}},"12":{"start":{"line":60,"column":8},"end":{"line":60,"column":null}},"13":{"start":{"line":64,"column":8},"end":{"line":64,"column":null}},"14":{"start":{"line":65,"column":21},"end":{"line":68,"column":null}},"15":{"start":{"line":69,"column":8},"end":{"line":69,"column":null}},"16":{"start":{"line":72,"column":8},"end":{"line":72,"column":null}},"17":{"start":{"line":73,"column":8},"end":{"line":73,"column":null}},"18":{"start":{"line":76,"column":8},"end":{"line":76,"column":null}}},"fnMap":{"0":{"name":"purgeSession","decl":{"start":{"line":28,"column":16},"end":{"line":28,"column":31}},"loc":{"start":{"line":28,"column":31},"end":{"line":43,"column":null}},"line":28},"1":{"name":"(anonymous_1)","decl":{"start":{"line":47,"column":4},"end":{"line":47,"column":5}},"loc":{"start":{"line":47,"column":19},"end":{"line":78,"column":null}},"line":47},"2":{"name":"(anonymous_2)","decl":{"start":{"line":51,"column":23},"end":{"line":51,"column":29}},"loc":{"start":{"line":51,"column":29},"end":{"line":51,"column":null}},"line":51},"3":{"name":"(anonymous_3)","decl":{"start":{"line":52,"column":15},"end":{"line":52,"column":21}},"loc":{"start":{"line":52,"column":21},"end":{"line":52,"column":null}},"line":52},"4":{"name":"(anonymous_4)","decl":{"start":{"line":53,"column":13},"end":{"line":53,"column":20}},"loc":{"start":{"line":53,"column":41},"end":{"line":61,"column":null}},"line":53},"5":{"name":"(anonymous_5)","decl":{"start":{"line":62,"column":16},"end":{"line":62,"column":23}},"loc":{"start":{"line":62,"column":49},"end":{"line":70,"column":null}},"line":62},"6":{"name":"(anonymous_6)","decl":{"start":{"line":71,"column":14},"end":{"line":71,"column":20}},"loc":{"start":{"line":71,"column":20},"end":{"line":74,"column":null}},"line":71},"7":{"name":"(anonymous_7)","decl":{"start":{"line":75,"column":18},"end":{"line":75,"column":19}},"loc":{"start":{"line":75,"column":31},"end":{"line":77,"column":null}},"line":75}},"branchMap":{"0":{"loc":{"start":{"line":32,"column":2},"end":{"line":42,"column":null}},"type":"if","locations":[{"start":{"line":32,"column":2},"end":{"line":42,"column":null}},{"start":{},"end":{}}],"line":32}},"s":{"0":5,"1":5,"2":5,"3":5,"4":5,"5":5,"6":2,"7":2,"8":4,"9":4,"10":0,"11":0,"12":0,"13":0,"14":0,"15":0,"16":1,"17":1,"18":4},"f":{"0":5,"1":2,"2":4,"3":4,"4":0,"5":0,"6":1,"7":4},"b":{"0":[5,0]},"meta":{"lastBranch":1,"lastFunction":8,"lastStatement":19,"seen":{"f:28:16:28:31":0,"s:30:2:30:Infinity":0,"b:32:2:42:Infinity:undefined:undefined:undefined:undefined":0,"s:32:2:42:Infinity":1,"s:33:4:41:Infinity":2,"s:35:6:35:Infinity":3,"s:36:6:36:Infinity":4,"s:38:6:38:Infinity":5,"s:45:13:81:Infinity":6,"f:47:4:47:5":1,"s:47:19:78:Infinity":7,"f:51:23:51:29":2,"s:51:29:51:Infinity":8,"f:52:15:52:21":3,"s:52:21:52:Infinity":9,"f:53:13:53:20":4,"s:55:8:55:Infinity":10,"s:56:32:59:Infinity":11,"s:60:8:60:Infinity":12,"f:62:16:62:23":5,"s:64:8:64:Infinity":13,"s:65:21:68:Infinity":14,"s:69:8:69:Infinity":15,"f:71:14:71:20":6,"s:72:8:72:Infinity":16,"s:73:8:73:Infinity":17,"f:75:18:75:19":7,"s:76:8:76:Infinity":18}}}
,"C:\\Users\\acer\\Desktop\\shopcart-playbook\\frontend\\src\\stores\\cart-store.ts": {"path":"C:\\Users\\acer\\Desktop\\shopcart-playbook\\frontend\\src\\stores\\cart-store.ts","statementMap":{"0":{"start":{"line":15,"column":13},"end":{"line":52,"column":null}},"1":{"start":{"line":17,"column":19},"end":{"line":49,"column":null}},"2":{"start":{"line":20,"column":8},"end":{"line":33,"column":null}},"3":{"start":{"line":21,"column":27},"end":{"line":21,"column":null}},"4":{"start":{"line":21,"column":51},"end":{"line":21,"column":78}},"5":{"start":{"line":22,"column":29},"end":{"line":22,"column":null}},"6":{"start":{"line":23,"column":26},"end":{"line":23,"column":null}},"7":{"start":{"line":24,"column":10},"end":{"line":24,"column":null}},"8":{"start":{"line":24,"column":38},"end":{"line":24,"column":null}},"9":{"start":{"line":25,"column":10},"end":{"line":31,"column":null}},"10":{"start":{"line":26,"column":12},"end":{"line":30,"column":null}},"11":{"start":{"line":28,"column":16},"end":{"line":28,"column":null}},"12":{"start":{"line":32,"column":10},"end":{"line":32,"column":null}},"13":{"start":{"line":35,"column":8},"end":{"line":35,"column":null}},"14":{"start":{"line":35,"column":24},"end":{"line":35,"column":89}},"15":{"start":{"line":35,"column":59},"end":{"line":35,"column":85}},"16":{"start":{"line":37,"column":8},"end":{"line":45,"column":null}},"17":{"start":{"line":37,"column":24},"end":{"line":45,"column":10}},"18":{"start":{"line":39,"column":40},"end":{"line":39,"column":66}},"19":{"start":{"line":41,"column":16},"end":{"line":43,"column":null}},"20":{"start":{"line":46,"column":19},"end":{"line":46,"column":null}},"21":{"start":{"line":47,"column":24},"end":{"line":47,"column":null}},"22":{"start":{"line":47,"column":55},"end":{"line":47,"column":73}},"23":{"start":{"line":48,"column":22},"end":{"line":48,"column":null}},"24":{"start":{"line":48,"column":53},"end":{"line":48,"column":89}}},"fnMap":{"0":{"name":"(anonymous_0)","decl":{"start":{"line":17,"column":4},"end":{"line":17,"column":5}},"loc":{"start":{"line":17,"column":19},"end":{"line":49,"column":null}},"line":17},"1":{"name":"(anonymous_1)","decl":{"start":{"line":19,"column":15},"end":{"line":19,"column":16}},"loc":{"start":{"line":20,"column":8},"end":{"line":33,"column":null}},"line":20},"2":{"name":"(anonymous_2)","decl":{"start":{"line":20,"column":12},"end":{"line":20,"column":13}},"loc":{"start":{"line":20,"column":23},"end":{"line":33,"column":9}},"line":20},"3":{"name":"(anonymous_3)","decl":{"start":{"line":21,"column":44},"end":{"line":21,"column":45}},"loc":{"start":{"line":21,"column":51},"end":{"line":21,"column":78}},"line":21},"4":{"name":"(anonymous_4)","decl":{"start":{"line":27,"column":37},"end":{"line":27,"column":38}},"loc":{"start":{"line":28,"column":16},"end":{"line":28,"column":null}},"line":28},"5":{"name":"(anonymous_5)","decl":{"start":{"line":34,"column":18},"end":{"line":34,"column":19}},"loc":{"start":{"line":35,"column":8},"end":{"line":35,"column":null}},"line":35},"6":{"name":"(anonymous_6)","decl":{"start":{"line":35,"column":12},"end":{"line":35,"column":13}},"loc":{"start":{"line":35,"column":24},"end":{"line":35,"column":89}},"line":35},"7":{"name":"(anonymous_7)","decl":{"start":{"line":35,"column":52},"end":{"line":35,"column":53}},"loc":{"start":{"line":35,"column":59},"end":{"line":35,"column":85}},"line":35},"8":{"name":"(anonymous_8)","decl":{"start":{"line":36,"column":22},"end":{"line":36,"column":23}},"loc":{"start":{"line":37,"column":8},"end":{"line":45,"column":null}},"line":37},"9":{"name":"(anonymous_9)","decl":{"start":{"line":37,"column":12},"end":{"line":37,"column":13}},"loc":{"start":{"line":37,"column":24},"end":{"line":45,"column":10}},"line":37},"10":{"name":"(anonymous_10)","decl":{"start":{"line":39,"column":33},"end":{"line":39,"column":34}},"loc":{"start":{"line":39,"column":40},"end":{"line":39,"column":66}},"line":39},"11":{"name":"(anonymous_11)","decl":{"start":{"line":40,"column":30},"end":{"line":40,"column":31}},"loc":{"start":{"line":41,"column":16},"end":{"line":43,"column":null}},"line":41},"12":{"name":"(anonymous_12)","decl":{"start":{"line":46,"column":13},"end":{"line":46,"column":19}},"loc":{"start":{"line":46,"column":19},"end":{"line":46,"column":null}},"line":46},"13":{"name":"(anonymous_13)","decl":{"start":{"line":47,"column":18},"end":{"line":47,"column":24}},"loc":{"start":{"line":47,"column":24},"end":{"line":47,"column":null}},"line":47},"14":{"name":"(anonymous_14)","decl":{"start":{"line":47,"column":43},"end":{"line":47,"column":44}},"loc":{"start":{"line":47,"column":55},"end":{"line":47,"column":73}},"line":47},"15":{"name":"(anonymous_15)","decl":{"start":{"line":48,"column":16},"end":{"line":48,"column":22}},"loc":{"start":{"line":48,"column":22},"end":{"line":48,"column":null}},"line":48},"16":{"name":"(anonymous_16)","decl":{"start":{"line":48,"column":41},"end":{"line":48,"column":42}},"loc":{"start":{"line":48,"column":53},"end":{"line":48,"column":89}},"line":48}},"branchMap":{"0":{"loc":{"start":{"line":19,"column":25},"end":{"line":19,"column":null}},"type":"default-arg","locations":[{"start":{"line":19,"column":36},"end":{"line":19,"column":null}}],"line":19},"1":{"loc":{"start":{"line":22,"column":29},"end":{"line":22,"column":null}},"type":"binary-expr","locations":[{"start":{"line":22,"column":29},"end":{"line":22,"column":51}},{"start":{"line":22,"column":51},"end":{"line":22,"column":null}}],"line":22},"2":{"loc":{"start":{"line":24,"column":10},"end":{"line":24,"column":null}},"type":"if","locations":[{"start":{"line":24,"column":10},"end":{"line":24,"column":null}},{"start":{},"end":{}}],"line":24},"3":{"loc":{"start":{"line":25,"column":10},"end":{"line":31,"column":null}},"type":"if","locations":[{"start":{"line":25,"column":10},"end":{"line":31,"column":null}},{"start":{},"end":{}}],"line":25},"4":{"loc":{"start":{"line":28,"column":16},"end":{"line":28,"column":null}},"type":"cond-expr","locations":[{"start":{"line":28,"column":46},"end":{"line":28,"column":76}},{"start":{"line":28,"column":76},"end":{"line":28,"column":null}}],"line":28},"5":{"loc":{"start":{"line":38,"column":17},"end":{"line":44,"column":null}},"type":"cond-expr","locations":[{"start":{"line":39,"column":14},"end":{"line":39,"column":null}},{"start":{"line":40,"column":14},"end":{"line":44,"column":null}}],"line":38},"6":{"loc":{"start":{"line":41,"column":16},"end":{"line":43,"column":null}},"type":"cond-expr","locations":[{"start":{"line":42,"column":20},"end":{"line":42,"column":null}},{"start":{"line":43,"column":20},"end":{"line":43,"column":null}}],"line":41}},"s":{"0":3,"1":3,"2":40,"3":40,"4":11,"5":40,"6":40,"7":40,"8":5,"9":35,"10":3,"11":3,"12":32,"13":3,"14":3,"15":3,"16":7,"17":7,"18":1,"19":5,"20":58,"21":2,"22":2,"23":4,"24":4},"f":{"0":3,"1":40,"2":40,"3":11,"4":3,"5":3,"6":3,"7":3,"8":7,"9":7,"10":1,"11":5,"12":58,"13":2,"14":2,"15":4,"16":4},"b":{"0":[40],"1":[40,34],"2":[5,35],"3":[3,32],"4":[3,0],"5":[1,6],"6":[5,0]},"meta":{"lastBranch":7,"lastFunction":17,"lastStatement":25,"seen":{"s:15:13:52:Infinity":0,"f:17:4:17:5":0,"s:17:19:49:Infinity":1,"f:19:15:19:16":1,"s:20:8:33:Infinity":2,"b:19:36:19:Infinity":0,"f:20:12:20:13":2,"s:21:27:21:Infinity":3,"f:21:44:21:45":3,"s:21:51:21:78":4,"s:22:29:22:Infinity":5,"b:22:29:22:51:22:51:22:Infinity":1,"s:23:26:23:Infinity":6,"b:24:10:24:Infinity:undefined:undefined:undefined:undefined":2,"s:24:10:24:Infinity":7,"s:24:38:24:Infinity":8,"b:25:10:31:Infinity:undefined:undefined:undefined:undefined":3,"s:25:10:31:Infinity":9,"s:26:12:30:Infinity":10,"f:27:37:27:38":4,"s:28:16:28:Infinity":11,"b:28:46:28:76:28:76:28:Infinity":4,"s:32:10:32:Infinity":12,"f:34:18:34:19":5,"s:35:8:35:Infinity":13,"f:35:12:35:13":6,"s:35:24:35:89":14,"f:35:52:35:53":7,"s:35:59:35:85":15,"f:36:22:36:23":8,"s:37:8:45:Infinity":16,"f:37:12:37:13":9,"s:37:24:45:10":17,"b:39:14:39:Infinity:40:14:44:Infinity":5,"f:39:33:39:34":10,"s:39:40:39:66":18,"f:40:30:40:31":11,"s:41:16:43:Infinity":19,"b:42:20:42:Infinity:43:20:43:Infinity":6,"f:46:13:46:19":12,"s:46:19:46:Infinity":20,"f:47:18:47:24":13,"s:47:24:47:Infinity":21,"f:47:43:47:44":14,"s:47:55:47:73":22,"f:48:16:48:22":15,"s:48:22:48:Infinity":23,"f:48:41:48:42":16,"s:48:53:48:89":24}}}
}
