TN:
SF:index.ts
FN:15,(anonymous_1)
FN:32,(anonymous_2)
FN:37,(anonymous_3)
FNF:3
FNH:3
FNDA:4,(anonymous_1)
FNDA:1,(anonymous_2)
FNDA:1,(anonymous_3)
DA:1,1
DA:2,1
DA:3,1
DA:5,1
DA:6,1
DA:9,1
DA:12,1
DA:15,1
DA:16,4
DA:17,4
DA:19,4
DA:20,2
DA:23,2
DA:24,1
DA:26,1
DA:27,1
DA:32,1
DA:33,1
DA:37,1
DA:38,1
DA:39,1
DA:40,1
LF:22
LH:22
BRDA:19,0,0,2
BRF:1
BRH:1
end_of_record
TN:
SF:sentiment-analyzer.ts
FN:54,analyzeSentiment
FN:91,(anonymous_2)
FN:92,(anonymous_3)
FN:95,(anonymous_4)
FN:99,(anonymous_5)
FN:102,(anonymous_6)
FN:104,(anonymous_7)
FN:116,(anonymous_8)
FN:136,(anonymous_9)
FN:137,(anonymous_10)
FN:140,(anonymous_11)
FN:141,(anonymous_12)
FN:143,(anonymous_13)
FN:144,(anonymous_14)
FN:155,(anonymous_15)
FN:164,(anonymous_16)
FN:179,(anonymous_17)
FN:187,(anonymous_18)
FN:188,(anonymous_19)
FN:189,(anonymous_20)
FN:193,(anonymous_21)
FN:271,(anonymous_22)
FN:272,(anonymous_23)
FN:275,(anonymous_24)
FN:276,(anonymous_25)
FN:277,(anonymous_26)
FN:331,(anonymous_27)
FN:340,(anonymous_28)
FN:356,(anonymous_29)
FN:488,(anonymous_30)
FN:502,(anonymous_31)
FN:503,(anonymous_32)
FN:549,analyzeMultipleSentiments
FN:551,(anonymous_34)
FNF:34
FNH:11
FNDA:40,analyzeSentiment
FNDA:0,(anonymous_2)
FNDA:0,(anonymous_3)
FNDA:0,(anonymous_4)
FNDA:0,(anonymous_5)
FNDA:0,(anonymous_6)
FNDA:0,(anonymous_7)
FNDA:0,(anonymous_8)
FNDA:0,(anonymous_9)
FNDA:0,(anonymous_10)
FNDA:0,(anonymous_11)
FNDA:0,(anonymous_12)
FNDA:0,(anonymous_13)
FNDA:0,(anonymous_14)
FNDA:0,(anonymous_15)
FNDA:0,(anonymous_16)
FNDA:0,(anonymous_17)
FNDA:0,(anonymous_18)
FNDA:0,(anonymous_19)
FNDA:0,(anonymous_20)
FNDA:0,(anonymous_21)
FNDA:440,(anonymous_22)
FNDA:440,(anonymous_23)
FNDA:449,(anonymous_24)
FNDA:232,(anonymous_25)
FNDA:235,(anonymous_26)
FNDA:422,(anonymous_27)
FNDA:422,(anonymous_28)
FNDA:5,(anonymous_29)
FNDA:0,(anonymous_30)
FNDA:0,(anonymous_31)
FNDA:0,(anonymous_32)
FNDA:3,analyzeMultipleSentiments
FNDA:4,(anonymous_34)
DA:1,1
DA:2,1
DA:3,1
DA:5,1
DA:8,1
DA:30,1
DA:37,1
DA:38,1
DA:39,1
DA:41,0
DA:42,0
DA:46,1
DA:54,1
DA:56,40
DA:62,40
DA:63,0
DA:66,0
DA:69,0
DA:70,0
DA:71,0
DA:72,0
DA:75,0
DA:76,0
DA:79,0
DA:80,0
DA:81,0
DA:82,0
DA:85,0
DA:88,0
DA:91,0
DA:92,0
DA:95,0
DA:96,0
DA:97,0
DA:98,0
DA:99,0
DA:100,0
DA:101,0
DA:102,0
DA:104,0
DA:105,0
DA:106,0
DA:107,0
DA:108,0
DA:109,0
DA:110,0
DA:111,0
DA:112,0
DA:113,0
DA:116,0
DA:117,0
DA:122,0
DA:123,0
DA:124,0
DA:125,0
DA:126,0
DA:131,0
DA:132,0
DA:136,0
DA:137,0
DA:138,0
DA:140,0
DA:141,0
DA:143,0
DA:144,0
DA:147,0
DA:148,0
DA:149,0
DA:153,0
DA:154,0
DA:155,0
DA:156,0
DA:157,0
DA:158,0
DA:159,0
DA:160,0
DA:164,0
DA:165,0
DA:169,0
DA:170,0
DA:171,0
DA:176,0
DA:179,0
DA:187,0
DA:188,0
DA:189,0
DA:193,0
DA:196,0
DA:197,0
DA:201,40
DA:203,40
DA:229,40
DA:230,40
DA:231,40
DA:233,40
DA:236,40
DA:238,40
DA:243,40
DA:245,40
DA:246,40
DA:254,40
DA:257,40
DA:258,40
DA:259,40
DA:260,40
DA:261,40
DA:263,40
DA:264,40
DA:265,40
DA:266,40
DA:267,40
DA:268,40
DA:269,40
DA:271,440
DA:272,440
DA:275,449
DA:276,232
DA:277,235
DA:280,40
DA:282,4
DA:283,2
DA:284,2
DA:285,2
DA:287,2
DA:288,2
DA:289,2
DA:293,4
DA:294,1
DA:295,3
DA:296,1
DA:297,2
DA:298,2
DA:299,0
DA:300,0
DA:302,36
DA:303,27
DA:304,27
DA:305,27
DA:306,27
DA:307,9
DA:308,4
DA:309,4
DA:310,4
DA:311,4
DA:314,5
DA:315,5
DA:316,5
DA:317,5
DA:321,40
DA:322,40
DA:323,274
DA:324,1
DA:325,1
DA:330,40
DA:331,422
DA:332,2
DA:333,2
DA:334,2
DA:335,2
DA:336,2
DA:340,422
DA:341,0
DA:344,40
DA:356,5
DA:363,40
DA:367,0
DA:368,0
DA:369,0
DA:372,0
DA:373,0
DA:374,0
DA:375,0
DA:378,0
DA:381,0
DA:383,0
DA:384,0
DA:385,0
DA:387,0
DA:388,0
DA:390,0
DA:393,0
DA:396,0
DA:397,0
DA:402,0
DA:403,0
DA:404,0
DA:405,0
DA:406,0
DA:407,0
DA:408,0
DA:411,0
DA:412,0
DA:413,0
DA:414,0
DA:415,0
DA:416,0
DA:417,0
DA:418,0
DA:420,0
DA:421,0
DA:422,0
DA:425,0
DA:428,0
DA:429,0
DA:430,0
DA:431,0
DA:432,0
DA:436,0
DA:437,0
DA:438,0
DA:439,0
DA:440,0
DA:441,0
DA:442,0
DA:443,0
DA:444,0
DA:445,0
DA:447,0
DA:448,0
DA:449,0
DA:450,0
DA:454,0
DA:473,0
DA:474,0
DA:475,0
DA:476,0
DA:477,0
DA:478,0
DA:479,0
DA:480,0
DA:483,0
DA:486,0
DA:487,0
DA:488,0
DA:490,0
DA:493,0
DA:494,0
DA:495,0
DA:496,0
DA:497,0
DA:499,0
DA:500,0
DA:502,0
DA:503,0
DA:505,0
DA:506,0
DA:507,0
DA:508,0
DA:509,0
DA:510,0
DA:511,0
DA:512,0
DA:513,0
DA:516,0
DA:535,0
DA:541,0
DA:549,1
DA:550,3
DA:551,4
DA:553,3
LF:260
LH:90
BRDA:30,0,0,1
BRDA:30,0,1,1
BRDA:30,0,2,1
BRDA:30,0,3,1
BRDA:30,0,4,1
BRDA:37,1,0,1
BRDA:37,1,1,0
BRDA:62,2,0,0
BRDA:95,3,0,0
BRDA:95,3,1,0
BRDA:99,4,0,0
BRDA:99,4,1,0
BRDA:102,5,0,0
BRDA:102,5,1,0
BRDA:104,6,0,0
BRDA:104,6,1,0
BRDA:105,7,0,0
BRDA:105,7,1,0
BRDA:107,8,0,0
BRDA:107,8,1,0
BRDA:109,9,0,0
BRDA:109,9,1,0
BRDA:111,10,0,0
BRDA:111,10,1,0
BRDA:116,11,0,0
BRDA:124,12,0,0
BRDA:131,13,0,0
BRDA:131,14,0,0
BRDA:131,14,1,0
BRDA:138,15,0,0
BRDA:141,16,0,0
BRDA:141,16,1,0
BRDA:144,17,0,0
BRDA:144,17,1,0
BRDA:147,18,0,0
BRDA:148,19,0,0
BRDA:155,20,0,0
BRDA:156,21,0,0
BRDA:156,22,0,0
BRDA:156,22,1,0
BRDA:157,23,0,0
BRDA:157,24,0,0
BRDA:157,24,1,0
BRDA:158,25,0,0
BRDA:158,26,0,0
BRDA:158,26,1,0
BRDA:159,27,0,0
BRDA:159,28,0,0
BRDA:159,28,1,0
BRDA:160,29,0,0
BRDA:160,30,0,0
BRDA:160,30,1,0
BRDA:164,31,0,0
BRDA:164,32,0,0
BRDA:164,32,1,0
BRDA:169,33,0,0
BRDA:169,34,0,0
BRDA:169,34,1,0
BRDA:170,35,0,0
BRDA:179,36,0,0
BRDA:179,36,1,0
BRDA:179,37,0,0
BRDA:179,37,1,0
BRDA:187,38,0,0
BRDA:187,38,1,0
BRDA:187,38,2,0
BRDA:188,39,0,0
BRDA:188,39,1,0
BRDA:189,40,0,0
BRDA:189,40,1,0
BRDA:193,41,0,0
BRDA:193,41,1,0
BRDA:193,42,0,0
BRDA:193,42,1,0
BRDA:280,43,0,4
BRDA:280,43,1,36
BRDA:280,44,0,40
BRDA:280,44,1,38
BRDA:280,44,2,36
BRDA:282,45,0,2
BRDA:282,45,1,2
BRDA:293,46,0,1
BRDA:293,46,1,3
BRDA:295,47,0,1
BRDA:295,47,1,2
BRDA:295,48,0,3
BRDA:295,48,1,3
BRDA:297,49,0,2
BRDA:297,49,1,0
BRDA:299,50,0,0
BRDA:302,51,0,27
BRDA:302,51,1,9
BRDA:307,52,0,4
BRDA:307,52,1,5
BRDA:323,53,0,1
BRDA:331,54,0,2
BRDA:332,55,0,2
BRDA:332,56,0,2
BRDA:332,56,1,0
BRDA:333,57,0,0
BRDA:333,58,0,2
BRDA:333,58,1,2
BRDA:334,59,0,0
BRDA:334,60,0,2
BRDA:334,60,1,2
BRDA:335,61,0,0
BRDA:335,62,0,2
BRDA:335,62,1,2
BRDA:336,63,0,2
BRDA:336,64,0,2
BRDA:336,64,1,0
BRDA:340,65,0,0
BRDA:340,66,0,40
BRDA:340,66,1,2
BRDA:349,67,0,3
BRDA:349,67,1,37
BRDA:350,68,0,6
BRDA:350,68,1,34
BRDA:351,69,0,4
BRDA:351,69,1,36
BRDA:356,70,0,3
BRDA:356,70,1,37
BRDA:356,71,0,3
BRDA:356,71,1,0
BRDA:360,72,0,1
BRDA:360,72,1,39
BRDA:360,73,0,3
BRDA:360,73,1,37
BRDA:381,74,0,0
BRDA:381,74,1,0
BRDA:381,75,0,0
BRDA:381,75,1,0
BRDA:381,75,2,0
BRDA:385,76,0,0
BRDA:385,76,1,0
BRDA:388,77,0,0
BRDA:388,77,1,0
BRDA:388,78,0,0
BRDA:388,78,1,0
BRDA:388,78,2,0
BRDA:397,79,0,0
BRDA:397,79,1,0
BRDA:402,80,0,0
BRDA:402,80,1,0
BRDA:405,81,0,0
BRDA:405,81,1,0
BRDA:411,82,0,0
BRDA:411,82,1,0
BRDA:413,83,0,0
BRDA:413,83,1,0
BRDA:415,84,0,0
BRDA:415,84,1,0
BRDA:417,85,0,0
BRDA:417,85,1,0
BRDA:436,86,0,0
BRDA:436,86,1,0
BRDA:436,87,0,0
BRDA:436,87,1,0
BRDA:436,87,2,0
BRDA:436,87,3,0
BRDA:436,87,4,0
BRDA:436,87,5,0
BRDA:436,87,6,0
BRDA:439,88,0,0
BRDA:439,88,1,0
BRDA:439,89,0,0
BRDA:439,89,1,0
BRDA:441,90,0,0
BRDA:441,90,1,0
BRDA:441,91,0,0
BRDA:441,91,1,0
BRDA:441,91,2,0
BRDA:441,91,3,0
BRDA:441,91,4,0
BRDA:441,91,5,0
BRDA:441,91,6,0
BRDA:443,92,0,0
BRDA:443,92,1,0
BRDA:443,93,0,0
BRDA:443,93,1,0
BRDA:444,94,0,0
BRDA:444,94,1,0
BRDA:444,95,0,0
BRDA:444,95,1,0
BRDA:459,96,0,0
BRDA:459,96,1,0
BRDA:459,97,0,0
BRDA:459,97,1,0
BRDA:460,98,0,0
BRDA:460,98,1,0
BRDA:460,99,0,0
BRDA:460,99,1,0
BRDA:461,100,0,0
BRDA:461,100,1,0
BRDA:461,101,0,0
BRDA:461,101,1,0
BRDA:465,102,0,0
BRDA:465,102,1,0
BRDA:465,102,2,0
BRDA:466,103,0,0
BRDA:466,103,1,0
BRDA:466,104,0,0
BRDA:466,104,1,0
BRDA:468,105,0,0
BRDA:468,105,1,0
BRDA:468,106,0,0
BRDA:468,106,1,0
BRDA:468,106,2,0
BRDA:468,106,3,0
BRDA:468,106,4,0
BRDA:468,106,5,0
BRDA:468,106,6,0
BRDA:468,107,0,0
BRDA:468,107,1,0
BRDA:486,108,0,0
BRDA:486,108,1,0
BRDA:505,109,0,0
BRDA:505,109,1,0
BRDA:509,110,0,0
BRF:219
BRH:51
end_of_record
